[2022-05-05 15:44:46,687] WARNING: Acceptor already powered up, status: 11
[2022-05-05 15:44:46,708] DEBUG: Setting inhibit: 0
[2022-05-05 15:44:46,728] WARNING: Acceptor did not echo inhibit settings
[2022-05-05 15:44:47,166] WARNING: Found unused data in buffer, b'\xfc\x05K\xf8\xab'
[2022-05-05 15:44:47,404] WARNING: Found unused data in buffer, b'\xfc\x05K\xf8\xab'
[2022-05-05 15:44:47,627] WARNING: Found unused data in buffer, b'\xfc\x05K\xf8\xab'
[2022-05-05 15:44:47,847] WARNING: Found unused data in buffer, b'\xfc\x05K\xf8\xab'
[2022-05-05 15:44:48,067] WARNING: Found unused data in buffer, b'\xfc\x05K\xf8\xab'
[2022-05-05 15:44:48,288] WARNING: Found unused data in buffer, b'\xfc\x05K\xf8\xab'
[2022-05-05 15:44:48,510] WARNING: Found unused data in buffer, b'\xfc\x05K\xf8\xab'
[2022-05-05 15:44:48,729] WARNING: Found unused data in buffer, b'\xfc\x05K\xf8\xab'
[2022-05-05 15:44:48,951] WARNING: Found unused data in buffer, b'\xfc\x05K\xf8\xab'
[2022-05-05 15:44:49,172] WARNING: Found unused data in buffer, b'\xfc\x05K\xf8\xab'
[2022-05-05 15:44:49,395] WARNING: Found unused data in buffer, b'\xfc\x05K\xf8\xab'
[2022-05-05 15:44:49,616] WARNING: Found unused data in buffer, b'\xfc\x05K\xf8\xab'
[2022-05-05 15:44:49,837] WARNING: Found unused data in buffer, b'\xfc\x05K\xf8\xab'
[2022-05-05 15:44:50,058] WARNING: Found unused data in buffer, b'\xfc\x05K\xf8\xab'
[2022-05-05 15:44:50,281] WARNING: Found unused data in buffer, b'\xfc\x05K\xf8\xab'
[2022-05-05 15:44:50,502] WARNING: Found unused data in buffer, b'\xfc\x05K\xf8\xab'
[2022-05-05 15:44:50,724] WARNING: Found unused data in buffer, b'\xfc\x05K\xf8\xab'
[2022-05-05 15:44:50,946] WARNING: Found unused data in buffer, b'\xfc\x05K\xf8\xab'
[2022-05-05 15:44:51,170] WARNING: Found unused data in buffer, b'\xfc\x05K\xf8\xab'
[2022-05-05 15:44:51,395] WARNING: Found unused data in buffer, b'\xfc\x05K\xf8\xab'
[2022-05-05 15:44:51,616] WARNING: Found unused data in buffer, b'\xfc\x05K\xf8\xab'
[2022-05-05 15:44:51,836] WARNING: Found unused data in buffer, b'\xfc\x05K\xf8\xab'
[2022-05-05 15:44:52,056] WARNING: Found unused data in buffer, b'\xfc\x05K\xf8\xab'
[2022-05-05 15:44:52,277] WARNING: Found unused data in buffer, b'\xfc\x05K\xf8\xab'
[2022-05-05 15:44:52,498] WARNING: Found unused data in buffer, b'\xfc\x05K\xf8\xab'
[2022-05-05 15:44:52,720] WARNING: Found unused data in buffer, b'\xfc\x05K\xf8\xab'
[2022-05-05 15:44:52,940] WARNING: Found unused data in buffer, b'\xfc\x05K\xf8\xab'
[2022-05-05 15:44:53,161] WARNING: Found unused data in buffer, b'\xfc\x05K\xf8\xab'
[2022-05-05 15:44:53,381] WARNING: Found unused data in buffer, b'\xfc\x05K\xf8\xab'
[2022-05-05 15:44:53,603] WARNING: Found unused data in buffer, b'\xfc\x05K\xf8\xab'
[2022-05-05 15:44:53,824] WARNING: Found unused data in buffer, b'\xfc\x05K\xf8\xab'
[2022-05-05 15:44:54,044] WARNING: Found unused data in buffer, b'\xfc\x05K\xf8\xab'
[2022-05-05 15:44:54,266] WARNING: Found unused data in buffer, b'\xfc\x05K\xf8\xab'
[2022-05-05 15:44:54,486] WARNING: Found unused data in buffer, b'\xfc\x05K\xf8\xab'
[2022-05-05 15:44:54,707] WARNING: Found unused data in buffer, b'\xfc\x05K\xf8\xab'
[2022-05-05 15:44:54,928] WARNING: Found unused data in buffer, b'\xfc\x05K\xf8\xab'
[2022-05-05 15:44:55,149] WARNING: Found unused data in buffer, b'\xfc\x05K\xf8\xab'
[2022-05-05 15:44:55,370] WARNING: Found unused data in buffer, b'\xfc\x05K\xf8\xab'
[2022-05-05 15:44:55,591] WARNING: Found unused data in buffer, b'\xfc\x05K\xf8\xab'
[2022-05-05 15:44:55,812] WARNING: Found unused data in buffer, b'\xfc\x05K\xf8\xab'
[2022-05-05 15:44:56,032] WARNING: Found unused data in buffer, b'\xfc\x05K\xf8\xab'
[2022-05-05 15:44:56,252] WARNING: Found unused data in buffer, b'\xfc\x05K\xf8\xab'
[2022-05-05 15:44:56,472] WARNING: Found unused data in buffer, b'\xfc\x05K\xf8\xab'
[2022-05-05 15:44:56,693] WARNING: Found unused data in buffer, b'\xfc\x05K\xf8\xab'
[2022-05-05 15:44:56,914] WARNING: Found unused data in buffer, b'\xfc\x05K\xf8\xab'
[2022-05-05 15:44:57,137] WARNING: Found unused data in buffer, b'\xfc\x05K\xf8\xab'
[2022-05-05 15:44:57,357] WARNING: Found unused data in buffer, b'\xfc\x05K\xf8\xab'
[2022-05-05 15:44:57,578] WARNING: Found unused data in buffer, b'\xfc\x05K\xf8\xab'
[2022-05-05 15:44:57,801] WARNING: Found unused data in buffer, b'\xfc\x05K\xf8\xab'
[2022-05-05 15:44:58,022] WARNING: Found unused data in buffer, b'\xfc\x05K\xf8\xab'
[2022-05-05 15:44:58,242] WARNING: Found unused data in buffer, b'\xfc\x05K\xf8\xab'
[2022-05-05 15:44:58,462] WARNING: Found unused data in buffer, b'\xfc\x05K\xf8\xab'
[2022-05-05 15:44:58,685] WARNING: Found unused data in buffer, b'\xfc\x05K\xf8\xab'
[2022-05-05 15:44:58,906] WARNING: Found unused data in buffer, b'\xfc\x05K\xf8\xab'
[2022-05-05 15:44:59,127] WARNING: Found unused data in buffer, b'\xfc\x05K\xf8\xab'
[2022-05-05 15:44:59,348] WARNING: Found unused data in buffer, b'\xfc\x05K\xf8\xab'
[2022-05-05 15:44:59,570] WARNING: Found unused data in buffer, b'\xfc\x05K\xf8\xab'
[2022-05-05 15:44:59,791] WARNING: Found unused data in buffer, b'\xfc\x05K\xf8\xab'
[2022-05-05 15:45:00,013] WARNING: Found unused data in buffer, b'\xfc\x05K\xf8\xab'
[2022-05-05 15:45:00,234] WARNING: Found unused data in buffer, b'\xfc\x05K\xf8\xab'
[2022-05-05 15:45:00,458] WARNING: Found unused data in buffer, b'\xfc\x05K\xf8\xab'
[2022-05-05 15:45:00,679] WARNING: Found unused data in buffer, b'\xfc\x05K\xf8\xab'
[2022-05-05 15:45:00,900] WARNING: Found unused data in buffer, b'\xfc\x05K\xf8\xab'
[2022-05-05 15:45:01,120] WARNING: Found unused data in buffer, b'\xfc\x05K\xf8\xab'
[2022-05-05 15:45:01,342] WARNING: Found unused data in buffer, b'\xfc\x05K\xf8\xab'
[2022-05-05 15:45:01,562] WARNING: Found unused data in buffer, b'\xfc\x05K\xf8\xab'
[2022-05-05 15:45:01,783] WARNING: Found unused data in buffer, b'\xfc\x05K\xf8\xab'
[2022-05-05 15:45:02,005] WARNING: Found unused data in buffer, b'\xfc\x05K\xf8\xab'
[2022-05-05 15:45:02,227] WARNING: Found unused data in buffer, b'\xfc\x05K\xf8\xab'
[2022-05-05 15:45:02,447] WARNING: Found unused data in buffer, b'\xfc\x05K\xf8\xab'
[2022-05-05 15:45:02,669] WARNING: Found unused data in buffer, b'\xfc\x05K\xf8\xab'
[2022-05-05 15:45:02,890] WARNING: Found unused data in buffer, b'\xfc\x05K\xf8\xab'
[2022-05-05 15:45:03,123] WARNING: Found unused data in buffer, b'\xfc\x05K\xf8\xab'
[2022-05-05 15:45:03,344] WARNING: Found unused data in buffer, b'\xfc\x05K\xf8\xab'
[2022-05-05 15:45:03,564] WARNING: Found unused data in buffer, b'\xfc\x05K\xf8\xab'
[2022-05-05 15:45:03,785] WARNING: Found unused data in buffer, b'\xfc\x05K\xf8\xab'
[2022-05-05 15:45:04,009] WARNING: Found unused data in buffer, b'\xfc\x05K\xf8\xab'
[2022-05-05 15:45:04,239] WARNING: Found unused data in buffer, b'\xfc\x05K\xf8\xab'
[2022-05-05 15:45:04,471] WARNING: Found unused data in buffer, b'\xfc\x05K\xf8\xab'
[2022-05-05 15:45:04,692] WARNING: Found unused data in buffer, b'\xfc\x05K\xf8\xab'
[2022-05-05 15:45:04,918] WARNING: Found unused data in buffer, b'\xfc\x05K\xf8\xab'
[2022-05-05 15:45:05,144] WARNING: Found unused data in buffer, b'\xfc\x05K\xf8\xab'
[2022-05-05 15:45:05,365] WARNING: Found unused data in buffer, b'\xfc\x05K\xf8\xab'
[2022-05-05 15:45:05,585] WARNING: Found unused data in buffer, b'\xfc\x05K\xf8\xab'
[2022-05-05 15:45:05,808] WARNING: Found unused data in buffer, b'\xfc\x05K\xf8\xab'
[2022-05-05 15:45:06,029] WARNING: Found unused data in buffer, b'\xfc\x05K\xf8\xab'
[2022-05-05 15:45:06,249] WARNING: Found unused data in buffer, b'\xfc\x05K\xf8\xab'
[2022-05-05 15:45:06,470] WARNING: Found unused data in buffer, b'\xfc\x05K\xf8\xab'
[2022-05-05 15:45:06,692] WARNING: Found unused data in buffer, b'\xfc\x05K\xf8\xab'
[2022-05-05 15:45:06,913] WARNING: Found unused data in buffer, b'\xfc\x05K\xf8\xab'
[2022-05-05 15:45:07,133] WARNING: Found unused data in buffer, b'\xfc\x05K\xf8\xab'
[2022-05-05 15:45:07,354] WARNING: Found unused data in buffer, b'\xfc\x05K\xf8\xab'
[2022-05-05 15:45:07,581] WARNING: Found unused data in buffer, b'\xfc\x05K\xf8\xab'
[2022-05-05 15:45:07,801] WARNING: Found unused data in buffer, b'\xfc\x05K\xf8\xab'
[2022-05-05 15:45:08,021] WARNING: Found unused data in buffer, b'\xfc\x05K\xf8\xab'
[2022-05-05 15:45:08,242] WARNING: Found unused data in buffer, b'\xfc\x05K\xf8\xab'
[2022-05-05 15:45:08,463] WARNING: Found unused data in buffer, b'\xfc\x05K\xf8\xab'
[2022-05-05 15:45:08,684] WARNING: Found unused data in buffer, b'\xfc\x05K\xf8\xab'
[2022-05-05 15:45:08,904] WARNING: Found unused data in buffer, b'\xfc\x05K\xf8\xab'
[2022-05-05 15:45:09,125] WARNING: Found unused data in buffer, b'\xfc\x05K\xf8\xab'
[2022-05-05 15:45:09,345] WARNING: Found unused data in buffer, b'\xfc\x05K\xf8\xab'
[2022-05-05 15:45:09,565] WARNING: Found unused data in buffer, b'\xfc\x05K\xf8\xab'
[2022-05-05 15:45:09,785] WARNING: Found unused data in buffer, b'\xfc\x05K\xf8\xab'
[2022-05-05 15:45:10,008] WARNING: Found unused data in buffer, b'\xfc\x05K\xf8\xab'
[2022-05-05 15:45:10,229] WARNING: Found unused data in buffer, b'\xfc\x05K\xf8\xab'
[2022-05-05 15:45:10,449] WARNING: Found unused data in buffer, b'\xfc\x05K\xf8\xab'
[2022-05-05 15:45:10,670] WARNING: Found unused data in buffer, b'\xfc\x05K\xf8\xab'
[2022-05-05 15:45:10,890] WARNING: Found unused data in buffer, b'\xfc\x05K\xf8\xab'
[2022-05-05 15:45:11,113] WARNING: Found unused data in buffer, b'\xfc\x05K\xf8\xab'
[2022-05-05 15:45:11,344] WARNING: Found unused data in buffer, b'\xfc\x05K\xf8\xab'
[2022-05-05 15:45:11,565] WARNING: Found unused data in buffer, b'\xfc\x05K\xf8\xab'
[2022-05-05 15:45:11,786] WARNING: Found unused data in buffer, b'\xfc\x05K\xf8\xab'
[2022-05-05 15:45:12,005] WARNING: Found unused data in buffer, b'\xfc\x05K\xf8\xab'
[2022-05-05 15:45:12,225] WARNING: Found unused data in buffer, b'\xfc\x05K\xf8\xab'
[2022-05-05 15:45:12,449] WARNING: Found unused data in buffer, b'\xfc\x05K\xf8\xab'
[2022-05-05 15:45:12,671] WARNING: Found unused data in buffer, b'\xfc\x05K\xf8\xab'
[2022-05-05 15:45:12,891] WARNING: Found unused data in buffer, b'\xfc\x05K\xf8\xab'
[2022-05-05 15:45:13,111] WARNING: Found unused data in buffer, b'\xfc\x05K\xf8\xab'
[2022-05-05 15:45:13,332] WARNING: Found unused data in buffer, b'\xfc\x05K\xf8\xab'
[2022-05-05 15:45:13,553] WARNING: Found unused data in buffer, b'\xfc\x05K\xf8\xab'
[2022-05-05 15:45:13,774] WARNING: Found unused data in buffer, b'\xfc\x05K\xf8\xab'
[2022-05-05 15:45:13,994] WARNING: Found unused data in buffer, b'\xfc\x05K\xf8\xab'
[2022-05-05 15:45:14,215] WARNING: Found unused data in buffer, b'\xfc\x05K\xf8\xab'
[2022-05-05 15:45:14,436] WARNING: Found unused data in buffer, b'\xfc\x05K\xf8\xab'
[2022-05-05 15:45:14,655] WARNING: Found unused data in buffer, b'\xfc\x05K\xf8\xab'
[2022-05-05 15:45:14,876] WARNING: Found unused data in buffer, b'\xfc\x05K\xf8\xab'
[2022-05-05 15:45:15,096] WARNING: Found unused data in buffer, b'\xfc\x05K\xf8\xab'
[2022-05-05 15:45:15,317] WARNING: Found unused data in buffer, b'\xfc\x05K\xf8\xab'
[2022-05-05 15:45:15,538] WARNING: Found unused data in buffer, b'\xfc\x05K\xf8\xab'
[2022-05-05 15:45:15,760] WARNING: Found unused data in buffer, b'\xfc\x05K\xf8\xab'
[2022-05-05 15:45:15,979] WARNING: Found unused data in buffer, b'\xfc\x05K\xf8\xab'
[2022-05-05 15:45:16,209] WARNING: Found unused data in buffer, b'\xfc\x05K\xf8\xab'
[2022-05-05 15:45:16,432] WARNING: Found unused data in buffer, b'\xfc\x05K\xf8\xab'
[2022-05-05 15:45:16,653] WARNING: Found unused data in buffer, b'\xfc\x05K\xf8\xab'
[2022-05-05 15:45:16,873] WARNING: Found unused data in buffer, b'\xfc\x05K\xf8\xab'
[2022-05-05 15:45:17,093] WARNING: Found unused data in buffer, b'\xfc\x05K\xf8\xab'
[2022-05-05 15:45:17,314] WARNING: Found unused data in buffer, b'\xfc\x05K\xf8\xab'
[2022-05-05 15:45:17,535] WARNING: Found unused data in buffer, b'\xfc\x05K\xf8\xab'
[2022-05-05 15:45:17,754] WARNING: Found unused data in buffer, b'\xfc\x05K\xf8\xab'
[2022-05-05 15:45:17,975] WARNING: Found unused data in buffer, b'\xfc\x05K\xf8\xab'
[2022-05-05 15:45:18,195] WARNING: Found unused data in buffer, b'\xfc\x05K\xf8\xab'
[2022-05-05 15:45:18,416] WARNING: Found unused data in buffer, b'\xfc\x05K\xf8\xab'
[2022-05-05 15:45:18,637] WARNING: Found unused data in buffer, b'\xfc\x05K\xf8\xab'
[2022-05-05 15:45:18,857] WARNING: Found unused data in buffer, b'\xfc\x05K\xf8\xab'
[2022-05-05 15:45:19,079] WARNING: Found unused data in buffer, b'\xfc\x05K\xf8\xab'
[2022-05-05 15:45:19,302] WARNING: Found unused data in buffer, b'\xfc\x05K\xf8\xab'
[2022-05-05 15:45:19,525] WARNING: Found unused data in buffer, b'\xfc\x05K\xf8\xab'
[2022-05-05 15:45:19,745] WARNING: Found unused data in buffer, b'\xfc\x05K\xf8\xab'
[2022-05-05 15:45:19,966] WARNING: Found unused data in buffer, b'\xfc\x05K\xf8\xab'
[2022-05-05 15:45:20,186] WARNING: Found unused data in buffer, b'\xfc\x05K\xf8\xab'
[2022-05-05 15:45:20,407] WARNING: Found unused data in buffer, b'\xfc\x05K\xf8\xab'
[2022-05-05 15:45:20,628] WARNING: Found unused data in buffer, b'\xfc\x05K\xf8\xab'
[2022-05-05 15:45:20,849] WARNING: Found unused data in buffer, b'\xfc\x05K\xf8\xab'
[2022-05-05 15:45:21,069] WARNING: Found unused data in buffer, b'\xfc\x05K\xf8\xab'
[2022-05-05 15:45:21,290] WARNING: Found unused data in buffer, b'\xfc\x05K\xf8\xab'
[2022-05-05 15:45:21,510] WARNING: Found unused data in buffer, b'\xfc\x05K\xf8\xab'
[2022-05-05 15:45:21,731] WARNING: Found unused data in buffer, b'\xfc\x05K\xf8\xab'
[2022-05-05 15:45:21,951] WARNING: Found unused data in buffer, b'\xfc\x05K\xf8\xab'
[2022-05-05 15:45:22,172] WARNING: Found unused data in buffer, b'\xfc\x05K\xf8\xab'
[2022-05-05 15:45:22,393] WARNING: Found unused data in buffer, b'\xfc\x05K\xf8\xab'
[2022-05-05 15:45:22,618] WARNING: Found unused data in buffer, b'\xfc\x05K\xf8\xab'
[2022-05-05 15:45:22,841] WARNING: Found unused data in buffer, b'\xfc\x05K\xf8\xab'
[2022-05-05 15:45:23,065] WARNING: Found unused data in buffer, b'\xfc\x05K\xf8\xab'
[2022-05-05 15:45:23,285] WARNING: Found unused data in buffer, b'\xfc\x05K\xf8\xab'
[2022-05-05 15:45:23,505] WARNING: Found unused data in buffer, b'\xfc\x05K\xf8\xab'
[2022-05-05 15:45:23,726] WARNING: Found unused data in buffer, b'\xfc\x05K\xf8\xab'
[2022-05-05 15:45:23,948] WARNING: Found unused data in buffer, b'\xfc\x05K\xf8\xab'
[2022-05-05 15:45:24,193] WARNING: Found unused data in buffer, b'\xfc\x05K\xf8\xab'
[2022-05-05 15:45:24,413] WARNING: Found unused data in buffer, b'\xfc\x05K\xf8\xab'
[2022-05-05 15:45:24,638] WARNING: Found unused data in buffer, b'\xfc\x05K\xf8\xab'
[2022-05-05 15:45:24,862] WARNING: Found unused data in buffer, b'\xfc\x05K\xf8\xab'
[2022-05-05 15:45:25,082] WARNING: Found unused data in buffer, b'\xfc\x05K\xf8\xab'
[2022-05-05 15:45:25,301] WARNING: Found unused data in buffer, b'\xfc\x05K\xf8\xab'
[2022-05-05 15:45:25,523] WARNING: Found unused data in buffer, b'\xfc\x05K\xf8\xab'
[2022-05-05 15:45:25,744] WARNING: Found unused data in buffer, b'\xfc\x05K\xf8\xab'
[2022-05-05 15:45:25,964] WARNING: Found unused data in buffer, b'\xfc\x05K\xf8\xab'
[2022-05-05 15:45:26,185] WARNING: Found unused data in buffer, b'\xfc\x05K\xf8\xab'
[2022-05-05 15:45:26,405] WARNING: Found unused data in buffer, b'\xfc\x05K\xf8\xab'
[2022-05-05 15:45:26,627] WARNING: Found unused data in buffer, b'\xfc\x05K\xf8\xab'
[2022-05-05 15:45:26,849] WARNING: Found unused data in buffer, b'\xfc\x05K\xf8\xab'
[2022-05-05 15:45:27,069] WARNING: Found unused data in buffer, b'\xfc\x05K\xf8\xab'
[2022-05-05 15:45:27,289] WARNING: Found unused data in buffer, b'\xfc\x05K\xf8\xab'
[2022-05-05 15:45:27,509] WARNING: Found unused data in buffer, b'\xfc\x05K\xf8\xab'
[2022-05-05 15:45:27,730] WARNING: Found unused data in buffer, b'\xfc\x05K\xf8\xab'
[2022-05-05 15:45:27,951] WARNING: Found unused data in buffer, b'\xfc\x05K\xf8\xab'
[2022-05-05 15:45:28,171] WARNING: Found unused data in buffer, b'\xfc\x05K\xf8\xab'
[2022-05-05 15:45:28,391] WARNING: Found unused data in buffer, b'\xfc\x05K\xf8\xab'
[2022-05-05 15:45:28,613] WARNING: Found unused data in buffer, b'\xfc\x05K\xf8\xab'
[2022-05-05 15:45:28,833] WARNING: Found unused data in buffer, b'\xfc\x05K\xf8\xab'
[2022-05-05 15:45:29,063] WARNING: Found unused data in buffer, b'\xfc\x05K\xf8\xab'
[2022-05-05 15:45:29,288] WARNING: Found unused data in buffer, b'\xfc\x05K\xf8\xab'
[2022-05-05 15:45:29,518] WARNING: Found unused data in buffer, b'\xfc\x05K\xf8\xab'
[2022-05-05 15:45:29,742] WARNING: Found unused data in buffer, b'\xfc\x05K\xf8\xab'
[2022-05-05 15:45:29,972] WARNING: Found unused data in buffer, b'\xfc\x05K\xf8\xab'
[2022-05-05 15:45:30,192] WARNING: Found unused data in buffer, b'\xfc\x05K\xf8\xab'
[2022-05-05 15:45:30,413] WARNING: Found unused data in buffer, b'\xfc\x05K\xf8\xab'
[2022-05-05 15:45:30,633] WARNING: Found unused data in buffer, b'\xfc\x05K\xf8\xab'
[2022-05-05 15:45:30,854] WARNING: Found unused data in buffer, b'\xfc\x05K\xf8\xab'
[2022-05-05 15:45:31,074] WARNING: Found unused data in buffer, b'\xfc\x05K\xf8\xab'
[2022-05-05 15:45:31,297] WARNING: Found unused data in buffer, b'\xfc\x05K\xf8\xab'
[2022-05-05 15:45:31,517] WARNING: Found unused data in buffer, b'\xfc\x05K\xf8\xab'
[2022-05-05 15:45:31,737] WARNING: Found unused data in buffer, b'\xfc\x05K\xf8\xab'
[2022-05-05 15:45:31,959] WARNING: Found unused data in buffer, b'\xfc\x05K\xf8\xab'
[2022-05-05 15:45:32,185] WARNING: Found unused data in buffer, b'\xfc\x05K\xf8\xab'
[2022-05-05 15:45:32,406] WARNING: Found unused data in buffer, b'\xfc\x05K\xf8\xab'
[2022-05-05 15:45:32,627] WARNING: Found unused data in buffer, b'\xfc\x05K\xf8\xab'
[2022-05-05 15:45:32,848] WARNING: Found unused data in buffer, b'\xfc\x05K\xf8\xab'
[2022-05-05 15:45:33,069] WARNING: Found unused data in buffer, b'\xfc\x05K\xf8\xab'
[2022-05-05 15:45:33,289] WARNING: Found unused data in buffer, b'\xfc\x05K\xf8\xab'
[2022-05-05 15:45:33,509] WARNING: Found unused data in buffer, b'\xfc\x05K\xf8\xab'
[2022-05-05 15:45:33,731] WARNING: Found unused data in buffer, b'\xfc\x05K\xf8\xab'
[2022-05-05 15:45:33,953] WARNING: Found unused data in buffer, b'\xfc\x05K\xf8\xab'
[2022-05-05 15:45:34,182] WARNING: Found unused data in buffer, b'\xfc\x05K\xf8\xab'
[2022-05-05 15:45:34,406] WARNING: Found unused data in buffer, b'\xfc\x05K\xf8\xab'
[2022-05-05 15:45:34,632] WARNING: Found unused data in buffer, b'\xfc\x05K\xf8\xab'
[2022-05-05 15:45:34,868] WARNING: Found unused data in buffer, b'\xfc\x05K\xf8\xab'
[2022-05-05 15:45:35,100] WARNING: Found unused data in buffer, b'\xfc\x05K\xf8\xab'
[2022-05-05 15:45:35,325] WARNING: Found unused data in buffer, b'\xfc\x05K\xf8\xab'
[2022-05-05 15:45:35,546] WARNING: Found unused data in buffer, b'\xfc\x05K\xf8\xab'
[2022-05-05 15:45:35,769] WARNING: Found unused data in buffer, b'\xfc\x05K\xf8\xab'
[2022-05-05 15:45:35,989] WARNING: Found unused data in buffer, b'\xfc\x05K\xf8\xab'
[2022-05-05 15:45:36,209] WARNING: Found unused data in buffer, b'\xfc\x05K\xf8\xab'
[2022-05-05 15:45:36,433] WARNING: Found unused data in buffer, b'\xfc\x05K\xf8\xab'
[2022-05-05 15:45:36,655] WARNING: Found unused data in buffer, b'\xfc\x05K\xf8\xab'
[2022-05-05 15:45:36,874] WARNING: Found unused data in buffer, b'\xfc\x05K\xf8\xab'
[2022-05-05 15:45:37,095] WARNING: Found unused data in buffer, b'\xfc\x05K\xf8\xab'
[2022-05-05 15:45:37,315] WARNING: Found unused data in buffer, b'\xfc\x05K\xf8\xab'
[2022-05-05 15:45:37,536] WARNING: Found unused data in buffer, b'\xfc\x05K\xf8\xab'
[2022-05-05 15:45:37,756] WARNING: Found unused data in buffer, b'\xfc\x05K\xf8\xab'
[2022-05-05 15:45:37,976] WARNING: Found unused data in buffer, b'\xfc\x05K\xf8\xab'
[2022-05-05 15:45:38,199] WARNING: Found unused data in buffer, b'\xfc\x05K\xf8\xab'
[2022-05-05 15:45:38,420] WARNING: Found unused data in buffer, b'\xfc\x05K\xf8\xab'
[2022-05-05 15:45:38,641] WARNING: Found unused data in buffer, b'\xfc\x05K\xf8\xab'
[2022-05-05 15:45:38,861] WARNING: Found unused data in buffer, b'\xfc\x05K\xf8\xab'
[2022-05-05 15:45:39,086] WARNING: Found unused data in buffer, b'\xfc\x05K\xf8\xab'
[2022-05-05 15:45:39,307] WARNING: Found unused data in buffer, b'\xfc\x05K\xf8\xab'
[2022-05-05 15:45:39,528] WARNING: Found unused data in buffer, b'\xfc\x05K\xf8\xab'
[2022-05-05 15:45:39,748] WARNING: Found unused data in buffer, b'\xfc\x05K\xf8\xab'
[2022-05-05 15:45:39,968] WARNING: Found unused data in buffer, b'\xfc\x05K\xf8\xab'
[2022-05-05 15:45:40,189] WARNING: Found unused data in buffer, b'\xfc\x05K\xf8\xab'
[2022-05-05 15:45:40,410] WARNING: Found unused data in buffer, b'\xfc\x05K\xf8\xab'
[2022-05-05 15:45:40,630] WARNING: Found unused data in buffer, b'\xfc\x05K\xf8\xab'
[2022-05-05 15:45:40,852] WARNING: Found unused data in buffer, b'\xfc\x05K\xf8\xab'
[2022-05-05 15:45:41,072] WARNING: Found unused data in buffer, b'\xfc\x05K\xf8\xab'
[2022-05-05 15:45:41,293] WARNING: Found unused data in buffer, b'\xfc\x05K\xf8\xab'
[2022-05-05 15:45:41,516] WARNING: Found unused data in buffer, b'\xfc\x05K\xf8\xab'
[2022-05-05 15:45:41,740] WARNING: Found unused data in buffer, b'\xfc\x05K\xf8\xab'
[2022-05-05 15:45:41,962] WARNING: Found unused data in buffer, b'\xfc\x05K\xf8\xab'
[2022-05-05 15:45:42,184] WARNING: Found unused data in buffer, b'\xfc\x05K\xf8\xab'
[2022-05-05 15:45:42,404] WARNING: Found unused data in buffer, b'\xfc\x05K\xf8\xab'
[2022-05-05 15:45:42,625] WARNING: Found unused data in buffer, b'\xfc\x05K\xf8\xab'
[2022-05-05 15:45:42,847] WARNING: Found unused data in buffer, b'\xfc\x05K\xf8\xab'
[2022-05-05 15:45:43,074] WARNING: Found unused data in buffer, b'\xfc\x05K\xf8\xab'
[2022-05-05 15:45:43,294] WARNING: Found unused data in buffer, b'\xfc\x05K\xf8\xab'
[2022-05-05 15:45:43,514] WARNING: Found unused data in buffer, b'\xfc\x05K\xf8\xab'
[2022-05-05 15:45:43,734] WARNING: Found unused data in buffer, b'\xfc\x05K\xf8\xab'
[2022-05-05 15:45:43,955] WARNING: Found unused data in buffer, b'\xfc\x05K\xf8\xab'
[2022-05-05 15:45:44,175] WARNING: Found unused data in buffer, b'\xfc\x05K\xf8\xab'
[2022-05-05 15:45:44,398] WARNING: Found unused data in buffer, b'\xfc\x05K\xf8\xab'
[2022-05-05 15:45:44,620] WARNING: Found unused data in buffer, b'\xfc\x05K\xf8\xab'
[2022-05-05 15:45:44,844] WARNING: Found unused data in buffer, b'\xfc\x05K\xf8\xab'
[2022-05-05 15:45:45,068] WARNING: Found unused data in buffer, b'\xfc\x05K\xf8\xab'
[2022-05-05 15:45:45,289] WARNING: Found unused data in buffer, b'\xfc\x05K\xf8\xab'
[2022-05-05 15:45:45,509] WARNING: Found unused data in buffer, b'\xfc\x05K\xf8\xab'
[2022-05-05 15:45:45,729] WARNING: Found unused data in buffer, b'\xfc\x05K\xf8\xab'
[2022-05-05 15:45:45,950] WARNING: Found unused data in buffer, b'\xfc\x05K\xf8\xab'
[2022-05-05 15:45:46,170] WARNING: Found unused data in buffer, b'\xfc\x05K\xf8\xab'
[2022-05-05 15:45:46,393] WARNING: Found unused data in buffer, b'\xfc\x05K\xf8\xab'
[2022-05-05 15:45:46,616] WARNING: Found unused data in buffer, b'\xfc\x05K\xf8\xab'
[2022-05-05 15:45:46,843] WARNING: Found unused data in buffer, b'\xfc\x05K\xf8\xab'
[2022-05-05 15:45:47,068] WARNING: Found unused data in buffer, b'\xfc\x05K\xf8\xab'
[2022-05-05 15:45:47,292] WARNING: Found unused data in buffer, b'\xfc\x05K\xf8\xab'
[2022-05-05 15:45:47,514] WARNING: Found unused data in buffer, b'\xfc\x05K\xf8\xab'
[2022-05-05 15:45:47,733] WARNING: Found unused data in buffer, b'\xfc\x05K\xf8\xab'
[2022-05-05 15:45:47,958] WARNING: Found unused data in buffer, b'\xfc\x05K\xf8\xab'
[2022-05-05 15:45:48,178] WARNING: Found unused data in buffer, b'\xfc\x05K\xf8\xab'
[2022-05-05 15:45:48,400] WARNING: Found unused data in buffer, b'\xfc\x05K\xf8\xab'
[2022-05-05 15:45:48,621] WARNING: Found unused data in buffer, b'\xfc\x05K\xf8\xab'
[2022-05-05 15:45:48,842] WARNING: Found unused data in buffer, b'\xfc\x05K\xf8\xab'
[2022-05-05 15:45:49,064] WARNING: Found unused data in buffer, b'\xfc\x05K\xf8\xab'
[2022-05-05 15:45:49,287] WARNING: Found unused data in buffer, b'\xfc\x05K\xf8\xab'
[2022-05-05 15:45:49,509] WARNING: Found unused data in buffer, b'\xfc\x05K\xf8\xab'
[2022-05-05 15:45:49,730] WARNING: Found unused data in buffer, b'\xfc\x05K\xf8\xab'
[2022-05-05 15:45:49,950] WARNING: Found unused data in buffer, b'\xfc\x05K\xf8\xab'
[2022-05-05 15:45:50,171] WARNING: Found unused data in buffer, b'\xfc\x05K\xf8\xab'
[2022-05-05 15:45:50,391] WARNING: Found unused data in buffer, b'\xfc\x05K\xf8\xab'
[2022-05-05 15:45:50,613] WARNING: Found unused data in buffer, b'\xfc\x05K\xf8\xab'
[2022-05-05 15:45:50,834] WARNING: Found unused data in buffer, b'\xfc\x05K\xf8\xab'
[2022-05-05 15:45:51,056] WARNING: Found unused data in buffer, b'\xfc\x05K\xf8\xab'
[2022-05-05 15:45:51,276] WARNING: Found unused data in buffer, b'\xfc\x05K\xf8\xab'
[2022-05-05 15:45:51,496] WARNING: Found unused data in buffer, b'\xfc\x05K\xf8\xab'
[2022-05-05 15:45:51,716] WARNING: Found unused data in buffer, b'\xfc\x05K\xf8\xab'
[2022-05-05 15:45:51,938] WARNING: Found unused data in buffer, b'\xfc\x05K\xf8\xab'
[2022-05-05 15:45:52,159] WARNING: Found unused data in buffer, b'\xfc\x05K\xf8\xab'
[2022-05-05 15:45:52,379] WARNING: Found unused data in buffer, b'\xfc\x05K\xf8\xab'
[2022-05-05 15:45:52,601] WARNING: Found unused data in buffer, b'\xfc\x05K\xf8\xab'
[2022-05-05 15:45:52,823] WARNING: Found unused data in buffer, b'\xfc\x05K\xf8\xab'
[2022-05-05 15:45:53,044] WARNING: Found unused data in buffer, b'\xfc\x05K\xf8\xab'
[2022-05-05 15:45:53,273] WARNING: Found unused data in buffer, b'\xfc\x05K\xf8\xab'
[2022-05-05 15:45:53,494] WARNING: Found unused data in buffer, b'\xfc\x05K\xf8\xab'
[2022-05-05 15:45:53,718] WARNING: Found unused data in buffer, b'\xfc\x05K\xf8\xab'
[2022-05-05 15:45:53,942] WARNING: Found unused data in buffer, b'\xfc\x05K\xf8\xab'
[2022-05-05 15:45:54,164] WARNING: Found unused data in buffer, b'\xfc\x05K\xf8\xab'
[2022-05-05 15:45:54,389] WARNING: Found unused data in buffer, b'\xfc\x05K\xf8\xab'
[2022-05-05 15:45:54,609] WARNING: Found unused data in buffer, b'\xfc\x05K\xf8\xab'
[2022-05-05 15:45:54,829] WARNING: Found unused data in buffer, b'\xfc\x05K\xf8\xab'
[2022-05-05 15:45:55,050] WARNING: Found unused data in buffer, b'\xfc\x05K\xf8\xab'
[2022-05-05 15:45:55,271] WARNING: Found unused data in buffer, b'\xfc\x05K\xf8\xab'
[2022-05-05 15:45:55,491] WARNING: Found unused data in buffer, b'\xfc\x05K\xf8\xab'
[2022-05-05 15:45:55,711] WARNING: Found unused data in buffer, b'\xfc\x05K\xf8\xab'
[2022-05-05 15:45:55,933] WARNING: Found unused data in buffer, b'\xfc\x05K\xf8\xab'
[2022-05-05 15:45:56,156] WARNING: Found unused data in buffer, b'\xfc\x05K\xf8\xab'
[2022-05-05 15:45:56,385] WARNING: Found unused data in buffer, b'\xfc\x05K\xf8\xab'
[2022-05-05 15:45:56,605] WARNING: Found unused data in buffer, b'\xfc\x05K\xf8\xab'
[2022-05-05 15:45:56,827] WARNING: Found unused data in buffer, b'\xfc\x05K\xf8\xab'
[2022-05-05 15:45:57,051] WARNING: Found unused data in buffer, b'\xfc\x05K\xf8\xab'
[2022-05-05 15:45:57,279] WARNING: Found unused data in buffer, b'\xfc\x05K\xf8\xab'
[2022-05-05 15:45:57,500] WARNING: Found unused data in buffer, b'\xfc\x05K\xf8\xab'
[2022-05-05 15:45:57,721] WARNING: Found unused data in buffer, b'\xfc\x05K\xf8\xab'
[2022-05-05 15:45:57,944] WARNING: Found unused data in buffer, b'\xfc\x05K\xf8\xab'
[2022-05-05 15:45:58,169] WARNING: Found unused data in buffer, b'\xfc\x05K\xf8\xab'
[2022-05-05 15:45:58,390] WARNING: Found unused data in buffer, b'\xfc\x05K\xf8\xab'
[2022-05-05 15:45:58,611] WARNING: Found unused data in buffer, b'\xfc\x05K\xf8\xab'
[2022-05-05 15:45:58,831] WARNING: Found unused data in buffer, b'\xfc\x05K\xf8\xab'
[2022-05-05 15:45:59,052] WARNING: Found unused data in buffer, b'\xfc\x05K\xf8\xab'
[2022-05-05 15:45:59,272] WARNING: Found unused data in buffer, b'\xfc\x05K\xf8\xab'
[2022-05-05 15:45:59,493] WARNING: Found unused data in buffer, b'\xfc\x05K\xf8\xab'
[2022-05-05 15:45:59,713] WARNING: Found unused data in buffer, b'\xfc\x05K\xf8\xab'
[2022-05-05 15:45:59,933] WARNING: Found unused data in buffer, b'\xfc\x05K\xf8\xab'
[2022-05-05 15:46:00,154] WARNING: Found unused data in buffer, b'\xfc\x05K\xf8\xab'
[2022-05-05 15:46:00,375] WARNING: Found unused data in buffer, b'\xfc\x05K\xf8\xab'
[2022-05-05 15:46:00,596] WARNING: Found unused data in buffer, b'\xfc\x05K\xf8\xab'
[2022-05-05 15:46:00,815] WARNING: Found unused data in buffer, b'\xfc\x05K\xf8\xab'
[2022-05-05 15:46:01,036] WARNING: Found unused data in buffer, b'\xfc\x05K\xf8\xab'
[2022-05-05 15:46:01,257] WARNING: Found unused data in buffer, b'\xfc\x05K\xf8\xab'
[2022-05-05 15:46:01,477] WARNING: Found unused data in buffer, b'\xfc\x05K\xf8\xab'
[2022-05-05 15:46:01,696] WARNING: Found unused data in buffer, b'\xfc\x05K\xf8\xab'
[2022-05-05 15:46:01,918] WARNING: Found unused data in buffer, b'\xfc\x05K\xf8\xab'
[2022-05-05 15:46:02,145] WARNING: Found unused data in buffer, b'\xfc\x05K\xf8\xab'
[2022-05-05 15:46:02,367] WARNING: Found unused data in buffer, b'\xfc\x05K\xf8\xab'
[2022-05-05 15:46:02,590] WARNING: Found unused data in buffer, b'\xfc\x05K\xf8\xab'
[2022-05-05 15:46:02,810] WARNING: Found unused data in buffer, b'\xfc\x05K\xf8\xab'
[2022-05-05 15:46:03,030] WARNING: Found unused data in buffer, b'\xfc\x05K\xf8\xab'
[2022-05-05 15:46:03,251] WARNING: Found unused data in buffer, b'\xfc\x05K\xf8\xab'
[2022-05-05 15:46:03,472] WARNING: Found unused data in buffer, b'\xfc\x05K\xf8\xab'
[2022-05-05 15:46:03,692] WARNING: Found unused data in buffer, b'\xfc\x05K\xf8\xab'
[2022-05-05 15:46:03,912] WARNING: Found unused data in buffer, b'\xfc\x05K\xf8\xab'
[2022-05-05 15:46:04,133] WARNING: Found unused data in buffer, b'\xfc\x05K\xf8\xab'
[2022-05-05 15:46:04,354] WARNING: Found unused data in buffer, b'\xfc\x05K\xf8\xab'
[2022-05-05 15:46:04,575] WARNING: Found unused data in buffer, b'\xfc\x05K\xf8\xab'
[2022-05-05 15:46:04,795] WARNING: Found unused data in buffer, b'\xfc\x05K\xf8\xab'
[2022-05-05 15:46:05,015] WARNING: Found unused data in buffer, b'\xfc\x05K\xf8\xab'
[2022-05-05 15:46:05,237] WARNING: Found unused data in buffer, b'\xfc\x05K\xf8\xab'
[2022-05-05 15:46:05,457] WARNING: Found unused data in buffer, b'\xfc\x05K\xf8\xab'
[2022-05-05 15:46:05,677] WARNING: Found unused data in buffer, b'\xfc\x05K\xf8\xab'
[2022-05-05 15:46:05,898] WARNING: Found unused data in buffer, b'\xfc\x05K\xf8\xab'
[2022-05-05 15:46:06,121] WARNING: Found unused data in buffer, b'\xfc\x05K\xf8\xab'
[2022-05-05 15:46:06,341] WARNING: Found unused data in buffer, b'\xfc\x05K\xf8\xab'
[2022-05-05 15:46:06,562] WARNING: Found unused data in buffer, b'\xfc\x05K\xf8\xab'
[2022-05-05 15:46:06,782] WARNING: Found unused data in buffer, b'\xfc\x05K\xf8\xab'
[2022-05-05 15:46:07,005] WARNING: Found unused data in buffer, b'\xfc\x05K\xf8\xab'
[2022-05-05 15:46:07,226] WARNING: Found unused data in buffer, b'\xfc\x05K\xf8\xab'
[2022-05-05 15:46:07,446] WARNING: Found unused data in buffer, b'\xfc\x05K\xf8\xab'
[2022-05-05 15:46:07,667] WARNING: Found unused data in buffer, b'\xfc\x05K\xf8\xab'
[2022-05-05 15:46:07,888] WARNING: Found unused data in buffer, b'\xfc\x05K\xf8\xab'
[2022-05-05 15:46:08,111] WARNING: Found unused data in buffer, b'\xfc\x05K\xf8\xab'
[2022-05-05 15:46:08,332] WARNING: Found unused data in buffer, b'\xfc\x05K\xf8\xab'
[2022-05-05 15:46:08,552] WARNING: Found unused data in buffer, b'\xfc\x05K\xf8\xab'
[2022-05-05 15:46:08,773] WARNING: Found unused data in buffer, b'\xfc\x05K\xf8\xab'
[2022-05-05 15:46:08,993] WARNING: Found unused data in buffer, b'\xfc\x05K\xf8\xab'
[2022-05-05 15:46:09,214] WARNING: Found unused data in buffer, b'\xfc\x05K\xf8\xab'
[2022-05-05 15:46:09,435] WARNING: Found unused data in buffer, b'\xfc\x05K\xf8\xab'
[2022-05-05 15:46:09,656] WARNING: Found unused data in buffer, b'\xfc\x05K\xf8\xab'
[2022-05-05 15:46:09,876] WARNING: Found unused data in buffer, b'\xfc\x05K\xf8\xab'
[2022-05-05 15:46:10,097] WARNING: Found unused data in buffer, b'\xfc\x05K\xf8\xab'
[2022-05-05 15:46:10,317] WARNING: Found unused data in buffer, b'\xfc\x05K\xf8\xab'
[2022-05-05 15:46:10,540] WARNING: Found unused data in buffer, b'\xfc\x05K\xf8\xab'
[2022-05-05 15:46:10,761] WARNING: Found unused data in buffer, b'\xfc\x05K\xf8\xab'
[2022-05-05 15:46:10,983] WARNING: Found unused data in buffer, b'\xfc\x05K\xf8\xab'
[2022-05-05 15:46:11,204] WARNING: Found unused data in buffer, b'\xfc\x05K\xf8\xab'
[2022-05-05 15:46:11,425] WARNING: Found unused data in buffer, b'\xfc\x05K\xf8\xab'
[2022-05-05 15:46:11,646] WARNING: Found unused data in buffer, b'\xfc\x05K\xf8\xab'
[2022-05-05 15:46:11,867] WARNING: Found unused data in buffer, b'\xfc\x05K\xf8\xab'
[2022-05-05 15:46:12,090] WARNING: Found unused data in buffer, b'\xfc\x05K\xf8\xab'
[2022-05-05 15:46:12,311] WARNING: Found unused data in buffer, b'\xfc\x05K\xf8\xab'
[2022-05-05 15:46:12,532] WARNING: Found unused data in buffer, b'\xfc\x05K\xf8\xab'
[2022-05-05 15:46:12,753] WARNING: Found unused data in buffer, b'\xfc\x05K\xf8\xab'
[2022-05-05 15:46:12,977] WARNING: Found unused data in buffer, b'\xfc\x05K\xf8\xab'
[2022-05-05 15:46:13,205] WARNING: Found unused data in buffer, b'\xfc\x05K\xf8\xab'
[2022-05-05 15:46:13,426] WARNING: Found unused data in buffer, b'\xfc\x05K\xf8\xab'
[2022-05-05 15:46:13,647] WARNING: Found unused data in buffer, b'\xfc\x05K\xf8\xab'
[2022-05-05 15:46:13,869] WARNING: Found unused data in buffer, b'\xfc\x05K\xf8\xab'
[2022-05-05 15:46:14,090] WARNING: Found unused data in buffer, b'\xfc\x05K\xf8\xab'
[2022-05-05 15:46:14,311] WARNING: Found unused data in buffer, b'\xfc\x05K\xf8\xab'
[2022-05-05 15:46:14,531] WARNING: Found unused data in buffer, b'\xfc\x05K\xf8\xab'
[2022-05-05 15:46:14,752] WARNING: Found unused data in buffer, b'\xfc\x05K\xf8\xab'
[2022-05-05 15:46:14,973] WARNING: Found unused data in buffer, b'\xfc\x05K\xf8\xab'
[2022-05-05 15:46:15,193] WARNING: Found unused data in buffer, b'\xfc\x05K\xf8\xab'
[2022-05-05 15:46:15,413] WARNING: Found unused data in buffer, b'\xfc\x05K\xf8\xab'
[2022-05-05 15:46:15,634] WARNING: Found unused data in buffer, b'\xfc\x05K\xf8\xab'
[2022-05-05 15:46:15,855] WARNING: Found unused data in buffer, b'\xfc\x05K\xf8\xab'
[2022-05-05 15:46:16,076] WARNING: Found unused data in buffer, b'\xfc\x05K\xf8\xab'
[2022-05-05 15:46:16,296] WARNING: Found unused data in buffer, b'\xfc\x05K\xf8\xab'
[2022-05-05 15:46:16,516] WARNING: Found unused data in buffer, b'\xfc\x05K\xf8\xab'
[2022-05-05 15:46:16,738] WARNING: Found unused data in buffer, b'\xfc\x05K\xf8\xab'
[2022-05-05 15:46:16,966] WARNING: Found unused data in buffer, b'\xfc\x05K\xf8\xab'
[2022-05-05 15:46:17,187] WARNING: Found unused data in buffer, b'\xfc\x05K\xf8\xab'
[2022-05-05 15:46:17,407] WARNING: Found unused data in buffer, b'\xfc\x05K\xf8\xab'
[2022-05-05 15:46:17,628] WARNING: Found unused data in buffer, b'\xfc\x05K\xf8\xab'
[2022-05-05 15:46:17,849] WARNING: Found unused data in buffer, b'\xfc\x05K\xf8\xab'
[2022-05-05 15:46:18,072] WARNING: Found unused data in buffer, b'\xfc\x05K\xf8\xab'
[2022-05-05 15:46:18,294] WARNING: Found unused data in buffer, b'\xfc\x05K\xf8\xab'
[2022-05-05 15:46:18,516] WARNING: Found unused data in buffer, b'\xfc\x05K\xf8\xab'
[2022-05-05 15:46:18,736] WARNING: Found unused data in buffer, b'\xfc\x05K\xf8\xab'
[2022-05-05 15:46:18,959] WARNING: Found unused data in buffer, b'\xfc\x05K\xf8\xab'
[2022-05-05 15:46:19,180] WARNING: Found unused data in buffer, b'\xfc\x05K\xf8\xab'
[2022-05-05 15:46:19,402] WARNING: Found unused data in buffer, b'\xfc\x05K\xf8\xab'
[2022-05-05 15:46:19,621] WARNING: Found unused data in buffer, b'\xfc\x05K\xf8\xab'
[2022-05-05 15:46:19,848] WARNING: Found unused data in buffer, b'\xfc\x05K\xf8\xab'
[2022-05-05 15:46:20,069] WARNING: Found unused data in buffer, b'\xfc\x05K\xf8\xab'
[2022-05-05 15:46:20,290] WARNING: Found unused data in buffer, b'\xfc\x05K\xf8\xab'
[2022-05-05 15:46:20,510] WARNING: Found unused data in buffer, b'\xfc\x05K\xf8\xab'
[2022-05-05 15:46:20,730] WARNING: Found unused data in buffer, b'\xfc\x05K\xf8\xab'
[2022-05-05 15:46:20,951] WARNING: Found unused data in buffer, b'\xfc\x05K\xf8\xab'
[2022-05-05 15:46:21,172] WARNING: Found unused data in buffer, b'\xfc\x05K\xf8\xab'
[2022-05-05 15:46:21,393] WARNING: Found unused data in buffer, b'\xfc\x05K\xf8\xab'
[2022-05-05 15:46:21,613] WARNING: Found unused data in buffer, b'\xfc\x05K\xf8\xab'
[2022-05-05 15:46:21,834] WARNING: Found unused data in buffer, b'\xfc\x05K\xf8\xab'
[2022-05-05 15:46:22,054] WARNING: Found unused data in buffer, b'\xfc\x05K\xf8\xab'
[2022-05-05 15:46:22,274] WARNING: Found unused data in buffer, b'\xfc\x05K\xf8\xab'
[2022-05-05 15:46:22,494] WARNING: Found unused data in buffer, b'\xfc\x05K\xf8\xab'
[2022-05-05 15:46:22,718] WARNING: Found unused data in buffer, b'\xfc\x05K\xf8\xab'
[2022-05-05 15:46:22,939] WARNING: Found unused data in buffer, b'\xfc\x05K\xf8\xab'
[2022-05-05 15:46:23,160] WARNING: Found unused data in buffer, b'\xfc\x05K\xf8\xab'
[2022-05-05 15:46:23,385] WARNING: Found unused data in buffer, b'\xfc\x05K\xf8\xab'
[2022-05-05 15:46:23,610] WARNING: Found unused data in buffer, b'\xfc\x05K\xf8\xab'
[2022-05-05 15:46:23,833] WARNING: Found unused data in buffer, b'\xfc\x05K\xf8\xab'
[2022-05-05 15:46:24,056] WARNING: Found unused data in buffer, b'\xfc\x05K\xf8\xab'
[2022-05-05 15:46:24,277] WARNING: Found unused data in buffer, b'\xfc\x05K\xf8\xab'
[2022-05-05 15:46:24,497] WARNING: Found unused data in buffer, b'\xfc\x05K\xf8\xab'
[2022-05-05 15:46:24,718] WARNING: Found unused data in buffer, b'\xfc\x05K\xf8\xab'
[2022-05-05 15:46:24,940] WARNING: Found unused data in buffer, b'\xfc\x05K\xf8\xab'
[2022-05-05 15:46:25,161] WARNING: Found unused data in buffer, b'\xfc\x05K\xf8\xab'
[2022-05-05 15:46:25,382] WARNING: Found unused data in buffer, b'\xfc\x05K\xf8\xab'
[2022-05-05 15:46:25,602] WARNING: Found unused data in buffer, b'\xfc\x05K\xf8\xab'
[2022-05-05 15:46:25,823] WARNING: Found unused data in buffer, b'\xfc\x05K\xf8\xab'
[2022-05-05 15:46:26,044] WARNING: Found unused data in buffer, b'\xfc\x05K\xf8\xab'
[2022-05-05 15:46:26,264] WARNING: Found unused data in buffer, b'\xfc\x05K\xf8\xab'
[2022-05-05 15:46:26,484] WARNING: Found unused data in buffer, b'\xfc\x05K\xf8\xab'
[2022-05-05 15:46:26,710] WARNING: Found unused data in buffer, b'\xfc\x05K\xf8\xab'
[2022-05-05 15:46:26,931] WARNING: Found unused data in buffer, b'\xfc\x05K\xf8\xab'
[2022-05-05 15:46:27,152] WARNING: Found unused data in buffer, b'\xfc\x05K\xf8\xab'
[2022-05-05 15:46:27,372] WARNING: Found unused data in buffer, b'\xfc\x05K\xf8\xab'
[2022-05-05 15:46:27,598] WARNING: Found unused data in buffer, b'\xfc\x05K\xf8\xab'
[2022-05-05 15:46:27,819] WARNING: Found unused data in buffer, b'\xfc\x05K\xf8\xab'
[2022-05-05 15:46:28,040] WARNING: Found unused data in buffer, b'\xfc\x05K\xf8\xab'
[2022-05-05 15:46:28,260] WARNING: Found unused data in buffer, b'\xfc\x05K\xf8\xab'
[2022-05-05 15:46:28,480] WARNING: Found unused data in buffer, b'\xfc\x05K\xf8\xab'
[2022-05-05 15:46:28,702] WARNING: Found unused data in buffer, b'\xfc\x05K\xf8\xab'
[2022-05-05 15:46:28,924] WARNING: Found unused data in buffer, b'\xfc\x05K\xf8\xab'
[2022-05-05 15:46:29,144] WARNING: Found unused data in buffer, b'\xfc\x05K\xf8\xab'
[2022-05-05 15:46:29,364] WARNING: Found unused data in buffer, b'\xfc\x05K\xf8\xab'
[2022-05-05 15:46:29,585] WARNING: Found unused data in buffer, b'\xfc\x05K\xf8\xab'
[2022-05-05 15:46:29,807] WARNING: Found unused data in buffer, b'\xfc\x05K\xf8\xab'
[2022-05-05 15:46:30,028] WARNING: Found unused data in buffer, b'\xfc\x05K\xf8\xab'
[2022-05-05 15:46:30,250] WARNING: Found unused data in buffer, b'\xfc\x05K\xf8\xab'
[2022-05-05 15:46:30,471] WARNING: Found unused data in buffer, b'\xfc\x05K\xf8\xab'
[2022-05-05 15:46:30,691] WARNING: Found unused data in buffer, b'\xfc\x05K\xf8\xab'
[2022-05-05 15:46:30,913] WARNING: Found unused data in buffer, b'\xfc\x05K\xf8\xab'
[2022-05-05 15:46:31,134] WARNING: Found unused data in buffer, b'\xfc\x05K\xf8\xab'
[2022-05-05 15:46:31,355] WARNING: Found unused data in buffer, b'\xfc\x05K\xf8\xab'
[2022-05-05 15:46:31,575] WARNING: Found unused data in buffer, b'\xfc\x05K\xf8\xab'
[2022-05-05 15:46:31,796] WARNING: Found unused data in buffer, b'\xfc\x05K\xf8\xab'
[2022-05-05 15:46:32,021] WARNING: Found unused data in buffer, b'\xfc\x05K\xf8\xab'
[2022-05-05 15:46:32,241] WARNING: Found unused data in buffer, b'\xfc\x05K\xf8\xab'
[2022-05-05 15:46:32,461] WARNING: Found unused data in buffer, b'\xfc\x05K\xf8\xab'
[2022-05-05 15:46:32,682] WARNING: Found unused data in buffer, b'\xfc\x05K\xf8\xab'
[2022-05-05 15:46:32,902] WARNING: Found unused data in buffer, b'\xfc\x05K\xf8\xab'
[2022-05-05 15:46:33,122] WARNING: Found unused data in buffer, b'\xfc\x05K\xf8\xab'
[2022-05-05 15:46:33,342] WARNING: Found unused data in buffer, b'\xfc\x05K\xf8\xab'
[2022-05-05 15:46:33,562] WARNING: Found unused data in buffer, b'\xfc\x05K\xf8\xab'
[2022-05-05 15:46:33,785] WARNING: Found unused data in buffer, b'\xfc\x05K\xf8\xab'
[2022-05-05 15:46:34,006] WARNING: Found unused data in buffer, b'\xfc\x05K\xf8\xab'
[2022-05-05 15:46:34,226] WARNING: Found unused data in buffer, b'\xfc\x05K\xf8\xab'
[2022-05-05 15:46:34,447] WARNING: Found unused data in buffer, b'\xfc\x05K\xf8\xab'
[2022-05-05 15:46:34,669] WARNING: Found unused data in buffer, b'\xfc\x05K\xf8\xab'
[2022-05-05 15:46:34,892] WARNING: Found unused data in buffer, b'\xfc\x05K\xf8\xab'
[2022-05-05 15:46:35,112] WARNING: Found unused data in buffer, b'\xfc\x05K\xf8\xab'
[2022-05-05 15:46:35,332] WARNING: Found unused data in buffer, b'\xfc\x05K\xf8\xab'
[2022-05-05 15:46:35,554] WARNING: Found unused data in buffer, b'\xfc\x05K\xf8\xab'
[2022-05-05 15:46:35,774] WARNING: Found unused data in buffer, b'\xfc\x05K\xf8\xab'
[2022-05-05 15:46:35,994] WARNING: Found unused data in buffer, b'\xfc\x05K\xf8\xab'
[2022-05-05 15:46:36,220] WARNING: Found unused data in buffer, b'\xfc\x05K\xf8\xab'
[2022-05-05 15:46:36,441] WARNING: Found unused data in buffer, b'\xfc\x05K\xf8\xab'
[2022-05-05 15:46:36,661] WARNING: Found unused data in buffer, b'\xfc\x05K\xf8\xab'
[2022-05-05 15:46:36,882] WARNING: Found unused data in buffer, b'\xfc\x05K\xf8\xab'
[2022-05-05 15:46:37,108] WARNING: Found unused data in buffer, b'\xfc\x05K\xf8\xab'
[2022-05-05 15:46:37,332] WARNING: Found unused data in buffer, b'\xfc\x05K\xf8\xab'
[2022-05-05 15:46:37,555] WARNING: Found unused data in buffer, b'\xfc\x05K\xf8\xab'
[2022-05-05 15:46:37,779] WARNING: Found unused data in buffer, b'\xfc\x05K\xf8\xab'
[2022-05-05 15:46:38,000] WARNING: Found unused data in buffer, b'\xfc\x05K\xf8\xab'
[2022-05-05 15:46:38,220] WARNING: Found unused data in buffer, b'\xfc\x05K\xf8\xab'
[2022-05-05 15:46:38,440] WARNING: Found unused data in buffer, b'\xfc\x05K\xf8\xab'
[2022-05-05 15:46:38,660] WARNING: Found unused data in buffer, b'\xfc\x05K\xf8\xab'
[2022-05-05 15:46:38,880] WARNING: Found unused data in buffer, b'\xfc\x05K\xf8\xab'
[2022-05-05 15:46:39,102] WARNING: Found unused data in buffer, b'\xfc\x05K\xf8\xab'
[2022-05-05 15:46:39,323] WARNING: Found unused data in buffer, b'\xfc\x05K\xf8\xab'
[2022-05-05 15:46:39,543] WARNING: Found unused data in buffer, b'\xfc\x05K\xf8\xab'
[2022-05-05 15:46:39,763] WARNING: Found unused data in buffer, b'\xfc\x05K\xf8\xab'
[2022-05-05 15:46:39,986] WARNING: Found unused data in buffer, b'\xfc\x05K\xf8\xab'
[2022-05-05 15:46:40,206] WARNING: Found unused data in buffer, b'\xfc\x05K\xf8\xab'
[2022-05-05 15:46:40,426] WARNING: Found unused data in buffer, b'\xfc\x05K\xf8\xab'
[2022-05-05 15:46:40,647] WARNING: Found unused data in buffer, b'\xfc\x05K\xf8\xab'
[2022-05-05 15:46:40,869] WARNING: Found unused data in buffer, b'\xfc\x05K\xf8\xab'
[2022-05-05 15:46:41,089] WARNING: Found unused data in buffer, b'\xfc\x05K\xf8\xab'
[2022-05-05 15:46:41,309] WARNING: Found unused data in buffer, b'\xfc\x05K\xf8\xab'
[2022-05-05 15:46:41,529] WARNING: Found unused data in buffer, b'\xfc\x05K\xf8\xab'
[2022-05-05 15:46:41,750] WARNING: Found unused data in buffer, b'\xfc\x05K\xf8\xab'
[2022-05-05 15:46:41,971] WARNING: Found unused data in buffer, b'\xfc\x05K\xf8\xab'
[2022-05-05 15:46:42,191] WARNING: Found unused data in buffer, b'\xfc\x05K\xf8\xab'
[2022-05-05 15:46:42,413] WARNING: Found unused data in buffer, b'\xfc\x05K\xf8\xab'
[2022-05-05 15:46:42,635] WARNING: Found unused data in buffer, b'\xfc\x05K\xf8\xab'
[2022-05-05 15:46:42,855] WARNING: Found unused data in buffer, b'\xfc\x05K\xf8\xab'
[2022-05-05 15:46:43,075] WARNING: Found unused data in buffer, b'\xfc\x05K\xf8\xab'
[2022-05-05 15:46:43,298] WARNING: Found unused data in buffer, b'\xfc\x05K\xf8\xab'
[2022-05-05 15:46:43,519] WARNING: Found unused data in buffer, b'\xfc\x05K\xf8\xab'
[2022-05-05 15:46:43,739] WARNING: Found unused data in buffer, b'\xfc\x05K\xf8\xab'
[2022-05-05 15:46:43,959] WARNING: Found unused data in buffer, b'\xfc\x05K\xf8\xab'
[2022-05-05 15:46:44,180] WARNING: Found unused data in buffer, b'\xfc\x05K\xf8\xab'
[2022-05-05 15:46:44,400] WARNING: Found unused data in buffer, b'\xfc\x05K\xf8\xab'
[2022-05-05 15:46:44,627] WARNING: Found unused data in buffer, b'\xfc\x05K\xf8\xab'
[2022-05-05 15:46:44,847] WARNING: Found unused data in buffer, b'\xfc\x05K\xf8\xab'
[2022-05-05 15:46:45,067] WARNING: Found unused data in buffer, b'\xfc\x05K\xf8\xab'
[2022-05-05 15:46:45,289] WARNING: Found unused data in buffer, b'\xfc\x05K\xf8\xab'
[2022-05-05 15:46:45,509] WARNING: Found unused data in buffer, b'\xfc\x05K\xf8\xab'
[2022-05-05 15:46:45,730] WARNING: Found unused data in buffer, b'\xfc\x05K\xf8\xab'
[2022-05-05 15:46:45,950] WARNING: Found unused data in buffer, b'\xfc\x05K\xf8\xab'
[2022-05-05 15:46:46,172] WARNING: Found unused data in buffer, b'\xfc\x05K\xf8\xab'
[2022-05-05 15:46:46,391] WARNING: Found unused data in buffer, b'\xfc\x05K\xf8\xab'
[2022-05-05 15:46:46,612] WARNING: Found unused data in buffer, b'\xfc\x05K\xf8\xab'
[2022-05-05 15:46:46,833] WARNING: Found unused data in buffer, b'\xfc\x05K\xf8\xab'
[2022-05-05 15:46:47,056] WARNING: Found unused data in buffer, b'\xfc\x05K\xf8\xab'
[2022-05-05 15:46:47,277] WARNING: Found unused data in buffer, b'\xfc\x05K\xf8\xab'
[2022-05-05 15:46:47,497] WARNING: Found unused data in buffer, b'\xfc\x05K\xf8\xab'
[2022-05-05 15:46:47,717] WARNING: Found unused data in buffer, b'\xfc\x05K\xf8\xab'
[2022-05-05 15:46:47,941] WARNING: Found unused data in buffer, b'\xfc\x05K\xf8\xab'
[2022-05-05 15:46:48,163] WARNING: Found unused data in buffer, b'\xfc\x05K\xf8\xab'
[2022-05-05 15:46:48,382] WARNING: Found unused data in buffer, b'\xfc\x05K\xf8\xab'
[2022-05-05 15:46:48,603] WARNING: Found unused data in buffer, b'\xfc\x05K\xf8\xab'
[2022-05-05 15:46:48,826] WARNING: Found unused data in buffer, b'\xfc\x05K\xf8\xab'
[2022-05-05 15:46:49,049] WARNING: Found unused data in buffer, b'\xfc\x05K\xf8\xab'
[2022-05-05 15:46:49,270] WARNING: Found unused data in buffer, b'\xfc\x05K\xf8\xab'
[2022-05-05 15:46:49,491] WARNING: Found unused data in buffer, b'\xfc\x05K\xf8\xab'
[2022-05-05 15:46:49,714] WARNING: Found unused data in buffer, b'\xfc\x05K\xf8\xab'
[2022-05-05 15:46:49,939] WARNING: Found unused data in buffer, b'\xfc\x05K\xf8\xab'
[2022-05-05 15:46:50,167] WARNING: Found unused data in buffer, b'\xfc\x05K\xf8\xab'
[2022-05-05 15:46:50,392] WARNING: Found unused data in buffer, b'\xfc\x05K\xf8\xab'
[2022-05-05 15:46:50,618] WARNING: Found unused data in buffer, b'\xfc\x05K\xf8\xab'
[2022-05-05 15:46:50,844] WARNING: Found unused data in buffer, b'\xfc\x05K\xf8\xab'
[2022-05-05 15:46:51,065] WARNING: Found unused data in buffer, b'\xfc\x05K\xf8\xab'
[2022-05-05 15:46:51,287] WARNING: Found unused data in buffer, b'\xfc\x05K\xf8\xab'
[2022-05-05 15:46:51,509] WARNING: Found unused data in buffer, b'\xfc\x05K\xf8\xab'
[2022-05-05 15:46:51,729] WARNING: Found unused data in buffer, b'\xfc\x05K\xf8\xab'
[2022-05-05 15:46:51,950] WARNING: Found unused data in buffer, b'\xfc\x05K\xf8\xab'
[2022-05-05 15:46:52,172] WARNING: Found unused data in buffer, b'\xfc\x05K\xf8\xab'
[2022-05-05 15:46:52,394] WARNING: Found unused data in buffer, b'\xfc\x05K\xf8\xab'
[2022-05-05 15:46:52,614] WARNING: Found unused data in buffer, b'\xfc\x05K\xf8\xab'
[2022-05-05 15:46:52,834] WARNING: Found unused data in buffer, b'\xfc\x05K\xf8\xab'
[2022-05-05 15:46:53,055] WARNING: Found unused data in buffer, b'\xfc\x05K\xf8\xab'
[2022-05-05 15:46:53,288] WARNING: Found unused data in buffer, b'\xfc\x05K\xf8\xab'
[2022-05-05 15:46:53,510] WARNING: Found unused data in buffer, b'\xfc\x05K\xf8\xab'
[2022-05-05 15:46:53,735] WARNING: Found unused data in buffer, b'\xfc\x05K\xf8\xab'
[2022-05-05 15:46:53,960] WARNING: Found unused data in buffer, b'\xfc\x05K\xf8\xab'
[2022-05-05 15:46:54,200] WARNING: Found unused data in buffer, b'\xfc\x05K\xf8\xab'
[2022-05-05 15:46:54,428] WARNING: Found unused data in buffer, b'\xfc\x05K\xf8\xab'
[2022-05-05 15:46:54,648] WARNING: Found unused data in buffer, b'\xfc\x05K\xf8\xab'
[2022-05-05 15:46:54,869] WARNING: Found unused data in buffer, b'\xfc\x05K\xf8\xab'
[2022-05-05 15:46:55,090] WARNING: Found unused data in buffer, b'\xfc\x05K\xf8\xab'
[2022-05-05 15:46:55,310] WARNING: Found unused data in buffer, b'\xfc\x05K\xf8\xab'
[2022-05-05 15:46:55,536] WARNING: Found unused data in buffer, b'\xfc\x05K\xf8\xab'
[2022-05-05 15:46:55,763] WARNING: Found unused data in buffer, b'\xfc\x05K\xf8\xab'
[2022-05-05 15:46:55,992] WARNING: Found unused data in buffer, b'\xfc\x05K\xf8\xab'
[2022-05-05 15:46:56,211] WARNING: Found unused data in buffer, b'\xfc\x05K\xf8\xab'
[2022-05-05 15:46:56,432] WARNING: Found unused data in buffer, b'\xfc\x05K\xf8\xab'
[2022-05-05 15:46:56,652] WARNING: Found unused data in buffer, b'\xfc\x05K\xf8\xab'
[2022-05-05 15:46:56,874] WARNING: Found unused data in buffer, b'\xfc\x05K\xf8\xab'
[2022-05-05 15:46:57,094] WARNING: Found unused data in buffer, b'\xfc\x05K\xf8\xab'
[2022-05-05 15:46:57,314] WARNING: Found unused data in buffer, b'\xfc\x05K\xf8\xab'
[2022-05-05 15:46:57,535] WARNING: Found unused data in buffer, b'\xfc\x05K\xf8\xab'
[2022-05-05 15:46:57,759] WARNING: Found unused data in buffer, b'\xfc\x05K\xf8\xab'
[2022-05-05 15:46:57,979] WARNING: Found unused data in buffer, b'\xfc\x05K\xf8\xab'
[2022-05-05 15:46:58,200] WARNING: Found unused data in buffer, b'\xfc\x05K\xf8\xab'
[2022-05-05 15:46:58,420] WARNING: Found unused data in buffer, b'\xfc\x05K\xf8\xab'
[2022-05-05 15:46:58,640] WARNING: Found unused data in buffer, b'\xfc\x05K\xf8\xab'
[2022-05-05 15:46:58,860] WARNING: Found unused data in buffer, b'\xfc\x05K\xf8\xab'
[2022-05-05 15:46:59,083] WARNING: Found unused data in buffer, b'\xfc\x05K\xf8\xab'
[2022-05-05 15:46:59,303] WARNING: Found unused data in buffer, b'\xfc\x05K\xf8\xab'
[2022-05-05 15:46:59,524] WARNING: Found unused data in buffer, b'\xfc\x05K\xf8\xab'
[2022-05-05 15:46:59,745] WARNING: Found unused data in buffer, b'\xfc\x05K\xf8\xab'
[2022-05-05 15:46:59,966] WARNING: Found unused data in buffer, b'\xfc\x05K\xf8\xab'
[2022-05-05 15:47:00,188] WARNING: Found unused data in buffer, b'\xfc\x05K\xf8\xab'
[2022-05-05 15:47:00,413] WARNING: Found unused data in buffer, b'\xfc\x05K\xf8\xab'
[2022-05-05 15:47:00,637] WARNING: Found unused data in buffer, b'\xfc\x05K\xf8\xab'
[2022-05-05 15:47:00,861] WARNING: Found unused data in buffer, b'\xfc\x05K\xf8\xab'
[2022-05-05 15:47:01,082] WARNING: Found unused data in buffer, b'\xfc\x05K\xf8\xab'
[2022-05-05 15:47:01,302] WARNING: Found unused data in buffer, b'\xfc\x05K\xf8\xab'
[2022-05-05 15:47:01,523] WARNING: Found unused data in buffer, b'\xfc\x05K\xf8\xab'
[2022-05-05 15:47:01,743] WARNING: Found unused data in buffer, b'\xfc\x05K\xf8\xab'
[2022-05-05 15:47:01,965] WARNING: Found unused data in buffer, b'\xfc\x05K\xf8\xab'
[2022-05-05 15:47:02,185] WARNING: Found unused data in buffer, b'\xfc\x05K\xf8\xab'
[2022-05-05 15:47:02,405] WARNING: Found unused data in buffer, b'\xfc\x05K\xf8\xab'
[2022-05-05 15:47:02,626] WARNING: Found unused data in buffer, b'\xfc\x05K\xf8\xab'
[2022-05-05 15:47:02,848] WARNING: Found unused data in buffer, b'\xfc\x05K\xf8\xab'
[2022-05-05 15:47:03,069] WARNING: Found unused data in buffer, b'\xfc\x05K\xf8\xab'
[2022-05-05 15:47:03,288] WARNING: Found unused data in buffer, b'\xfc\x05K\xf8\xab'
[2022-05-05 15:47:03,509] WARNING: Found unused data in buffer, b'\xfc\x05K\xf8\xab'
[2022-05-05 15:47:03,730] WARNING: Found unused data in buffer, b'\xfc\x05K\xf8\xab'
[2022-05-05 15:47:03,950] WARNING: Found unused data in buffer, b'\xfc\x05K\xf8\xab'
[2022-05-05 15:47:04,171] WARNING: Found unused data in buffer, b'\xfc\x05K\xf8\xab'
[2022-05-05 15:47:04,391] WARNING: Found unused data in buffer, b'\xfc\x05K\xf8\xab'
[2022-05-05 15:47:04,613] WARNING: Found unused data in buffer, b'\xfc\x05K\xf8\xab'
[2022-05-05 15:47:04,837] WARNING: Found unused data in buffer, b'\xfc\x05K\xf8\xab'
[2022-05-05 15:47:05,057] WARNING: Found unused data in buffer, b'\xfc\x05K\xf8\xab'
[2022-05-05 15:47:05,278] WARNING: Found unused data in buffer, b'\xfc\x05K\xf8\xab'
[2022-05-05 15:47:05,500] WARNING: Found unused data in buffer, b'\xfc\x05K\xf8\xab'
[2022-05-05 15:47:05,721] WARNING: Found unused data in buffer, b'\xfc\x05K\xf8\xab'
[2022-05-05 15:47:05,941] WARNING: Found unused data in buffer, b'\xfc\x05K\xf8\xab'
[2022-05-05 15:47:06,164] WARNING: Found unused data in buffer, b'\xfc\x05K\xf8\xab'
[2022-05-05 15:47:06,390] WARNING: Found unused data in buffer, b'\xfc\x05K\xf8\xab'
[2022-05-05 15:47:06,615] WARNING: Found unused data in buffer, b'\xfc\x05K\xf8\xab'
[2022-05-05 15:47:06,834] WARNING: Found unused data in buffer, b'\xfc\x05K\xf8\xab'
[2022-05-05 15:47:07,057] WARNING: Found unused data in buffer, b'\xfc\x05K\xf8\xab'
[2022-05-05 15:47:07,278] WARNING: Found unused data in buffer, b'\xfc\x05K\xf8\xab'
[2022-05-05 15:47:07,500] WARNING: Found unused data in buffer, b'\xfc\x05K\xf8\xab'
[2022-05-05 15:47:07,719] WARNING: Found unused data in buffer, b'\xfc\x05K\xf8\xab'
[2022-05-05 15:47:07,940] WARNING: Found unused data in buffer, b'\xfc\x05K\xf8\xab'
[2022-05-05 15:47:08,163] WARNING: Found unused data in buffer, b'\xfc\x05K\xf8\xab'
[2022-05-05 15:47:08,387] WARNING: Found unused data in buffer, b'\xfc\x05K\xf8\xab'
[2022-05-05 15:47:08,614] WARNING: Found unused data in buffer, b'\xfc\x05K\xf8\xab'
[2022-05-05 15:47:08,834] WARNING: Found unused data in buffer, b'\xfc\x05K\xf8\xab'
[2022-05-05 15:47:09,054] WARNING: Found unused data in buffer, b'\xfc\x05K\xf8\xab'
[2022-05-05 15:47:09,274] WARNING: Found unused data in buffer, b'\xfc\x05K\xf8\xab'
[2022-05-05 15:47:09,495] WARNING: Found unused data in buffer, b'\xfc\x05K\xf8\xab'
[2022-05-05 15:47:09,716] WARNING: Found unused data in buffer, b'\xfc\x05K\xf8\xab'
[2022-05-05 15:47:09,937] WARNING: Found unused data in buffer, b'\xfc\x05K\xf8\xab'
[2022-05-05 15:47:10,157] WARNING: Found unused data in buffer, b'\xfc\x05K\xf8\xab'
[2022-05-05 15:47:10,378] WARNING: Found unused data in buffer, b'\xfc\x05K\xf8\xab'
[2022-05-05 15:47:10,601] WARNING: Found unused data in buffer, b'\xfc\x05K\xf8\xab'
[2022-05-05 15:47:10,821] WARNING: Found unused data in buffer, b'\xfc\x05K\xf8\xab'
[2022-05-05 15:47:11,041] WARNING: Found unused data in buffer, b'\xfc\x05K\xf8\xab'
[2022-05-05 15:47:11,262] WARNING: Found unused data in buffer, b'\xfc\x05K\xf8\xab'
[2022-05-05 15:47:11,484] WARNING: Found unused data in buffer, b'\xfc\x05K\xf8\xab'
[2022-05-05 15:47:11,704] WARNING: Found unused data in buffer, b'\xfc\x05K\xf8\xab'
[2022-05-05 15:47:11,925] WARNING: Found unused data in buffer, b'\xfc\x05K\xf8\xab'
[2022-05-05 15:47:12,148] WARNING: Found unused data in buffer, b'\xfc\x05K\xf8\xab'
[2022-05-05 15:47:12,369] WARNING: Found unused data in buffer, b'\xfc\x05K\xf8\xab'
[2022-05-05 15:47:12,590] WARNING: Found unused data in buffer, b'\xfc\x05K\xf8\xab'
[2022-05-05 15:47:12,811] WARNING: Found unused data in buffer, b'\xfc\x05K\xf8\xab'
[2022-05-05 15:47:13,032] WARNING: Found unused data in buffer, b'\xfc\x05K\xf8\xab'
[2022-05-05 15:47:13,254] WARNING: Found unused data in buffer, b'\xfc\x05K\xf8\xab'
[2022-05-05 15:47:13,475] WARNING: Found unused data in buffer, b'\xfc\x05K\xf8\xab'
[2022-05-05 15:47:13,695] WARNING: Found unused data in buffer, b'\xfc\x05K\xf8\xab'
[2022-05-05 15:47:13,915] WARNING: Found unused data in buffer, b'\xfc\x05K\xf8\xab'
[2022-05-05 15:47:14,138] WARNING: Found unused data in buffer, b'\xfc\x05K\xf8\xab'
[2022-05-05 15:47:14,358] WARNING: Found unused data in buffer, b'\xfc\x05K\xf8\xab'
[2022-05-05 15:47:14,578] WARNING: Found unused data in buffer, b'\xfc\x05K\xf8\xab'
[2022-05-05 15:47:14,799] WARNING: Found unused data in buffer, b'\xfc\x05K\xf8\xab'
[2022-05-05 15:47:15,022] WARNING: Found unused data in buffer, b'\xfc\x05K\xf8\xab'
[2022-05-05 15:47:15,242] WARNING: Found unused data in buffer, b'\xfc\x05K\xf8\xab'
[2022-05-05 15:47:15,463] WARNING: Found unused data in buffer, b'\xfc\x05K\xf8\xab'
[2022-05-05 15:47:15,683] WARNING: Found unused data in buffer, b'\xfc\x05K\xf8\xab'
[2022-05-05 15:47:15,904] WARNING: Found unused data in buffer, b'\xfc\x05K\xf8\xab'
[2022-05-05 15:47:16,125] WARNING: Found unused data in buffer, b'\xfc\x05K\xf8\xab'
[2022-05-05 15:47:16,345] WARNING: Found unused data in buffer, b'\xfc\x05K\xf8\xab'
[2022-05-05 15:47:16,566] WARNING: Found unused data in buffer, b'\xfc\x05K\xf8\xab'
[2022-05-05 15:47:16,787] WARNING: Found unused data in buffer, b'\xfc\x05K\xf8\xab'
[2022-05-05 15:47:17,010] WARNING: Found unused data in buffer, b'\xfc\x05K\xf8\xab'
[2022-05-05 15:47:17,230] WARNING: Found unused data in buffer, b'\xfc\x05K\xf8\xab'
[2022-05-05 15:47:17,450] WARNING: Found unused data in buffer, b'\xfc\x05K\xf8\xab'
[2022-05-05 15:47:17,671] WARNING: Found unused data in buffer, b'\xfc\x05K\xf8\xab'
[2022-05-05 15:47:17,892] WARNING: Found unused data in buffer, b'\xfc\x05K\xf8\xab'
[2022-05-05 15:47:18,113] WARNING: Found unused data in buffer, b'\xfc\x05K\xf8\xab'
[2022-05-05 15:47:18,333] WARNING: Found unused data in buffer, b'\xfc\x05K\xf8\xab'
[2022-05-05 15:47:18,553] WARNING: Found unused data in buffer, b'\xfc\x05K\xf8\xab'
[2022-05-05 15:47:18,775] WARNING: Found unused data in buffer, b'\xfc\x05K\xf8\xab'
[2022-05-05 15:47:18,995] WARNING: Found unused data in buffer, b'\xfc\x05K\xf8\xab'
[2022-05-05 15:47:19,216] WARNING: Found unused data in buffer, b'\xfc\x05K\xf8\xab'
[2022-05-05 15:47:19,436] WARNING: Found unused data in buffer, b'\xfc\x05K\xf8\xab'
[2022-05-05 15:47:19,659] WARNING: Found unused data in buffer, b'\xfc\x05K\xf8\xab'
[2022-05-05 15:47:19,879] WARNING: Found unused data in buffer, b'\xfc\x05K\xf8\xab'
[2022-05-05 15:47:20,099] WARNING: Found unused data in buffer, b'\xfc\x05K\xf8\xab'
[2022-05-05 15:47:20,319] WARNING: Found unused data in buffer, b'\xfc\x05K\xf8\xab'
[2022-05-05 15:47:20,541] WARNING: Found unused data in buffer, b'\xfc\x05K\xf8\xab'
[2022-05-05 15:47:20,761] WARNING: Found unused data in buffer, b'\xfc\x05K\xf8\xab'
[2022-05-05 15:47:20,981] WARNING: Found unused data in buffer, b'\xfc\x05K\xf8\xab'
[2022-05-05 15:47:21,202] WARNING: Found unused data in buffer, b'\xfc\x05K\xf8\xab'
[2022-05-05 15:47:21,423] WARNING: Found unused data in buffer, b'\xfc\x05K\xf8\xab'
[2022-05-05 15:47:21,643] WARNING: Found unused data in buffer, b'\xfc\x05K\xf8\xab'
[2022-05-05 15:47:21,863] WARNING: Found unused data in buffer, b'\xfc\x05K\xf8\xab'
[2022-05-05 15:47:22,084] WARNING: Found unused data in buffer, b'\xfc\x05K\xf8\xab'
[2022-05-05 15:47:22,306] WARNING: Found unused data in buffer, b'\xfc\x05K\xf8\xab'
[2022-05-05 15:47:22,525] WARNING: Found unused data in buffer, b'\xfc\x05K\xf8\xab'
[2022-05-05 15:47:22,746] WARNING: Found unused data in buffer, b'\xfc\x05K\xf8\xab'
[2022-05-05 15:47:22,967] WARNING: Found unused data in buffer, b'\xfc\x05K\xf8\xab'
[2022-05-05 15:47:23,188] WARNING: Found unused data in buffer, b'\xfc\x05K\xf8\xab'
[2022-05-05 15:47:23,409] WARNING: Found unused data in buffer, b'\xfc\x05K\xf8\xab'
[2022-05-05 15:47:23,629] WARNING: Found unused data in buffer, b'\xfc\x05K\xf8\xab'
[2022-05-05 15:47:23,849] WARNING: Found unused data in buffer, b'\xfc\x05K\xf8\xab'
[2022-05-05 15:47:24,070] WARNING: Found unused data in buffer, b'\xfc\x05K\xf8\xab'
[2022-05-05 15:47:24,289] WARNING: Found unused data in buffer, b'\xfc\x05K\xf8\xab'
[2022-05-05 15:47:24,509] WARNING: Found unused data in buffer, b'\xfc\x05K\xf8\xab'
[2022-05-05 15:47:24,735] WARNING: Found unused data in buffer, b'\xfc\x05K\xf8\xab'
[2022-05-05 15:47:24,957] WARNING: Found unused data in buffer, b'\xfc\x05K\xf8\xab'
[2022-05-05 15:47:25,178] WARNING: Found unused data in buffer, b'\xfc\x05K\xf8\xab'
[2022-05-05 15:47:25,399] WARNING: Found unused data in buffer, b'\xfc\x05K\xf8\xab'
[2022-05-05 15:47:25,619] WARNING: Found unused data in buffer, b'\xfc\x05K\xf8\xab'
[2022-05-05 15:47:25,840] WARNING: Found unused data in buffer, b'\xfc\x05K\xf8\xab'
[2022-05-05 15:47:26,061] WARNING: Found unused data in buffer, b'\xfc\x05K\xf8\xab'
[2022-05-05 15:47:26,281] WARNING: Found unused data in buffer, b'\xfc\x05K\xf8\xab'
[2022-05-05 15:47:26,502] WARNING: Found unused data in buffer, b'\xfc\x05K\xf8\xab'
[2022-05-05 15:47:26,723] WARNING: Found unused data in buffer, b'\xfc\x05K\xf8\xab'
[2022-05-05 15:47:26,943] WARNING: Found unused data in buffer, b'\xfc\x05K\xf8\xab'
[2022-05-05 15:47:27,164] WARNING: Found unused data in buffer, b'\xfc\x05K\xf8\xab'
[2022-05-05 15:47:27,384] WARNING: Found unused data in buffer, b'\xfc\x05K\xf8\xab'
[2022-05-05 15:47:27,605] WARNING: Found unused data in buffer, b'\xfc\x05K\xf8\xab'
[2022-05-05 15:47:27,825] WARNING: Found unused data in buffer, b'\xfc\x05K\xf8\xab'
[2022-05-05 15:47:28,046] WARNING: Found unused data in buffer, b'\xfc\x05K\xf8\xab'
[2022-05-05 15:47:28,266] WARNING: Found unused data in buffer, b'\xfc\x05K\xf8\xab'
[2022-05-05 15:47:28,488] WARNING: Found unused data in buffer, b'\xfc\x05K\xf8\xab'
[2022-05-05 15:47:28,708] WARNING: Found unused data in buffer, b'\xfc\x05K\xf8\xab'
[2022-05-05 15:47:28,929] WARNING: Found unused data in buffer, b'\xfc\x05K\xf8\xab'
[2022-05-05 15:47:29,158] WARNING: Found unused data in buffer, b'\xfc\x05K\xf8\xab'
[2022-05-05 15:47:29,393] WARNING: Found unused data in buffer, b'\xfc\x05K\xf8\xab'
[2022-05-05 15:47:29,623] WARNING: Found unused data in buffer, b'\xfc\x05K\xf8\xab'
[2022-05-05 15:47:29,843] WARNING: Found unused data in buffer, b'\xfc\x05K\xf8\xab'
[2022-05-05 15:47:30,064] WARNING: Found unused data in buffer, b'\xfc\x05K\xf8\xab'
[2022-05-05 15:47:30,286] WARNING: Found unused data in buffer, b'\xfc\x05K\xf8\xab'
[2022-05-05 15:47:30,506] WARNING: Found unused data in buffer, b'\xfc\x05K\xf8\xab'
[2022-05-05 15:47:30,727] WARNING: Found unused data in buffer, b'\xfc\x05K\xf8\xab'
[2022-05-05 15:47:30,947] WARNING: Found unused data in buffer, b'\xfc\x05K\xf8\xab'
[2022-05-05 15:47:31,169] WARNING: Found unused data in buffer, b'\xfc\x05K\xf8\xab'
[2022-05-05 15:47:31,389] WARNING: Found unused data in buffer, b'\xfc\x05K\xf8\xab'
[2022-05-05 15:47:31,611] WARNING: Found unused data in buffer, b'\xfc\x05K\xf8\xab'
[2022-05-05 15:47:31,831] WARNING: Found unused data in buffer, b'\xfc\x05K\xf8\xab'
[2022-05-05 15:47:32,054] WARNING: Found unused data in buffer, b'\xfc\x05K\xf8\xab'
[2022-05-05 15:47:32,274] WARNING: Found unused data in buffer, b'\xfc\x05K\xf8\xab'
[2022-05-05 15:47:32,494] WARNING: Found unused data in buffer, b'\xfc\x05K\xf8\xab'
[2022-05-05 15:47:32,720] WARNING: Found unused data in buffer, b'\xfc\x05K\xf8\xab'
[2022-05-05 15:47:32,943] WARNING: Found unused data in buffer, b'\xfc\x05K\xf8\xab'
[2022-05-05 15:47:33,164] WARNING: Found unused data in buffer, b'\xfc\x05K\xf8\xab'
[2022-05-05 15:47:33,383] WARNING: Found unused data in buffer, b'\xfc\x05K\xf8\xab'
[2022-05-05 15:47:33,605] WARNING: Found unused data in buffer, b'\xfc\x05K\xf8\xab'
[2022-05-05 15:47:33,826] WARNING: Found unused data in buffer, b'\xfc\x05K\xf8\xab'
[2022-05-05 15:47:34,047] WARNING: Found unused data in buffer, b'\xfc\x05K\xf8\xab'
[2022-05-05 15:47:34,268] WARNING: Found unused data in buffer, b'\xfc\x05K\xf8\xab'
[2022-05-05 15:47:34,488] WARNING: Found unused data in buffer, b'\xfc\x05K\xf8\xab'
[2022-05-05 15:47:34,710] WARNING: Found unused data in buffer, b'\xfc\x05K\xf8\xab'
[2022-05-05 15:47:34,930] WARNING: Found unused data in buffer, b'\xfc\x05K\xf8\xab'
[2022-05-05 15:47:35,151] WARNING: Found unused data in buffer, b'\xfc\x05K\xf8\xab'
[2022-05-05 15:47:35,372] WARNING: Found unused data in buffer, b'\xfc\x05K\xf8\xab'
[2022-05-05 15:47:35,596] WARNING: Found unused data in buffer, b'\xfc\x05K\xf8\xab'
[2022-05-05 15:47:35,822] WARNING: Found unused data in buffer, b'\xfc\x05K\xf8\xab'
[2022-05-05 15:47:36,047] WARNING: Found unused data in buffer, b'\xfc\x05K\xf8\xab'
[2022-05-05 15:47:36,275] WARNING: Found unused data in buffer, b'\xfc\x05K\xf8\xab'
[2022-05-05 15:47:36,498] WARNING: Found unused data in buffer, b'\xfc\x05K\xf8\xab'
[2022-05-05 15:47:36,718] WARNING: Found unused data in buffer, b'\xfc\x05K\xf8\xab'
[2022-05-05 15:47:36,940] WARNING: Found unused data in buffer, b'\xfc\x05K\xf8\xab'
[2022-05-05 15:47:37,160] WARNING: Found unused data in buffer, b'\xfc\x05K\xf8\xab'
[2022-05-05 15:47:37,380] WARNING: Found unused data in buffer, b'\xfc\x05K\xf8\xab'
[2022-05-05 15:47:37,600] WARNING: Found unused data in buffer, b'\xfc\x05K\xf8\xab'
[2022-05-05 15:47:37,820] WARNING: Found unused data in buffer, b'\xfc\x05K\xf8\xab'
[2022-05-05 15:47:38,041] WARNING: Found unused data in buffer, b'\xfc\x05K\xf8\xab'
[2022-05-05 15:47:38,262] WARNING: Found unused data in buffer, b'\xfc\x05K\xf8\xab'
[2022-05-05 15:47:38,482] WARNING: Found unused data in buffer, b'\xfc\x05K\xf8\xab'
[2022-05-05 15:47:38,702] WARNING: Found unused data in buffer, b'\xfc\x05K\xf8\xab'
[2022-05-05 15:47:38,922] WARNING: Found unused data in buffer, b'\xfc\x05K\xf8\xab'
[2022-05-05 15:47:39,143] WARNING: Found unused data in buffer, b'\xfc\x05K\xf8\xab'
[2022-05-05 15:47:39,365] WARNING: Found unused data in buffer, b'\xfc\x05K\xf8\xab'
[2022-05-05 15:47:39,586] WARNING: Found unused data in buffer, b'\xfc\x05K\xf8\xab'
[2022-05-05 15:47:39,806] WARNING: Found unused data in buffer, b'\xfc\x05K\xf8\xab'
[2022-05-05 15:47:40,026] WARNING: Found unused data in buffer, b'\xfc\x05K\xf8\xab'
[2022-05-05 15:47:40,249] WARNING: Found unused data in buffer, b'\xfc\x05K\xf8\xab'
[2022-05-05 15:47:40,469] WARNING: Found unused data in buffer, b'\xfc\x05K\xf8\xab'
[2022-05-05 15:47:40,689] WARNING: Found unused data in buffer, b'\xfc\x05K\xf8\xab'
[2022-05-05 15:47:40,910] WARNING: Found unused data in buffer, b'\xfc\x05K\xf8\xab'
[2022-05-05 15:47:41,131] WARNING: Found unused data in buffer, b'\xfc\x05K\xf8\xab'
[2022-05-05 15:47:41,351] WARNING: Found unused data in buffer, b'\xfc\x05K\xf8\xab'
[2022-05-05 15:47:41,572] WARNING: Found unused data in buffer, b'\xfc\x05K\xf8\xab'
[2022-05-05 15:47:41,793] WARNING: Found unused data in buffer, b'\xfc\x05K\xf8\xab'
[2022-05-05 15:47:42,015] WARNING: Found unused data in buffer, b'\xfc\x05K\xf8\xab'
[2022-05-05 15:47:42,235] WARNING: Found unused data in buffer, b'\xfc\x05K\xf8\xab'
[2022-05-05 15:47:42,456] WARNING: Found unused data in buffer, b'\xfc\x05K\xf8\xab'
[2022-05-05 15:47:42,676] WARNING: Found unused data in buffer, b'\xfc\x05K\xf8\xab'
[2022-05-05 15:47:42,896] WARNING: Found unused data in buffer, b'\xfc\x05K\xf8\xab'
[2022-05-05 15:47:43,117] WARNING: Found unused data in buffer, b'\xfc\x05K\xf8\xab'
[2022-05-05 15:47:43,340] WARNING: Found unused data in buffer, b'\xfc\x05K\xf8\xab'
[2022-05-05 15:47:43,559] WARNING: Found unused data in buffer, b'\xfc\x05K\xf8\xab'
[2022-05-05 15:47:43,781] WARNING: Found unused data in buffer, b'\xfc\x05K\xf8\xab'
[2022-05-05 15:47:44,002] WARNING: Found unused data in buffer, b'\xfc\x05K\xf8\xab'
[2022-05-05 15:47:44,224] WARNING: Found unused data in buffer, b'\xfc\x05K\xf8\xab'
[2022-05-05 15:47:44,444] WARNING: Found unused data in buffer, b'\xfc\x05K\xf8\xab'
[2022-05-05 15:47:44,666] WARNING: Found unused data in buffer, b'\xfc\x05K\xf8\xab'
[2022-05-05 15:47:44,887] WARNING: Found unused data in buffer, b'\xfc\x05K\xf8\xab'
[2022-05-05 15:47:45,109] WARNING: Found unused data in buffer, b'\xfc\x05K\xf8\xab'
[2022-05-05 15:47:45,330] WARNING: Found unused data in buffer, b'\xfc\x05K\xf8\xab'
[2022-05-05 15:47:45,550] WARNING: Found unused data in buffer, b'\xfc\x05K\xf8\xab'
[2022-05-05 15:47:45,771] WARNING: Found unused data in buffer, b'\xfc\x05K\xf8\xab'
[2022-05-05 15:47:45,992] WARNING: Found unused data in buffer, b'\xfc\x05K\xf8\xab'
[2022-05-05 15:47:46,213] WARNING: Found unused data in buffer, b'\xfc\x05K\xf8\xab'
[2022-05-05 15:47:46,433] WARNING: Found unused data in buffer, b'\xfc\x05K\xf8\xab'
[2022-05-05 15:47:46,653] WARNING: Found unused data in buffer, b'\xfc\x05K\xf8\xab'
[2022-05-05 15:47:46,875] WARNING: Found unused data in buffer, b'\xfc\x05K\xf8\xab'
[2022-05-05 15:47:47,097] WARNING: Found unused data in buffer, b'\xfc\x05K\xf8\xab'
[2022-05-05 15:47:47,318] WARNING: Found unused data in buffer, b'\xfc\x05K\xf8\xab'
[2022-05-05 15:47:47,538] WARNING: Found unused data in buffer, b'\xfc\x05K\xf8\xab'
[2022-05-05 15:47:47,759] WARNING: Found unused data in buffer, b'\xfc\x05K\xf8\xab'
[2022-05-05 15:47:47,983] WARNING: Found unused data in buffer, b'\xfc\x05K\xf8\xab'
[2022-05-05 15:47:48,209] WARNING: Found unused data in buffer, b'\xfc\x05K\xf8\xab'
[2022-05-05 15:47:48,434] WARNING: Found unused data in buffer, b'\xfc\x05K\xf8\xab'
[2022-05-05 15:47:48,658] WARNING: Found unused data in buffer, b'\xfc\x05K\xf8\xab'
[2022-05-05 15:47:48,878] WARNING: Found unused data in buffer, b'\xfc\x05K\xf8\xab'
[2022-05-05 15:47:49,099] WARNING: Found unused data in buffer, b'\xfc\x05K\xf8\xab'
[2022-05-05 15:47:49,319] WARNING: Found unused data in buffer, b'\xfc\x05K\xf8\xab'
[2022-05-05 15:47:49,540] WARNING: Found unused data in buffer, b'\xfc\x05K\xf8\xab'
[2022-05-05 15:47:49,762] WARNING: Found unused data in buffer, b'\xfc\x05K\xf8\xab'
[2022-05-05 15:47:49,982] WARNING: Found unused data in buffer, b'\xfc\x05K\xf8\xab'
[2022-05-05 15:47:50,208] WARNING: Found unused data in buffer, b'\xfc\x05K\xf8\xab'
[2022-05-05 15:47:50,428] WARNING: Found unused data in buffer, b'\xfc\x05K\xf8\xab'
[2022-05-05 15:47:50,649] WARNING: Found unused data in buffer, b'\xfc\x05K\xf8\xab'
[2022-05-05 15:47:50,869] WARNING: Found unused data in buffer, b'\xfc\x05K\xf8\xab'
[2022-05-05 15:47:51,090] WARNING: Found unused data in buffer, b'\xfc\x05K\xf8\xab'
[2022-05-05 15:47:51,311] WARNING: Found unused data in buffer, b'\xfc\x05K\xf8\xab'
[2022-05-05 15:47:51,533] WARNING: Found unused data in buffer, b'\xfc\x05K\xf8\xab'
[2022-05-05 15:47:51,753] WARNING: Found unused data in buffer, b'\xfc\x05K\xf8\xab'
[2022-05-05 15:47:51,973] WARNING: Found unused data in buffer, b'\xfc\x05K\xf8\xab'
[2022-05-05 15:47:52,194] WARNING: Found unused data in buffer, b'\xfc\x05K\xf8\xab'
[2022-05-05 15:47:52,416] WARNING: Found unused data in buffer, b'\xfc\x05K\xf8\xab'
[2022-05-05 15:47:52,636] WARNING: Found unused data in buffer, b'\xfc\x05K\xf8\xab'
[2022-05-05 15:47:52,856] WARNING: Found unused data in buffer, b'\xfc\x05K\xf8\xab'
[2022-05-05 15:47:53,077] WARNING: Found unused data in buffer, b'\xfc\x05K\xf8\xab'
[2022-05-05 15:47:53,297] WARNING: Found unused data in buffer, b'\xfc\x05K\xf8\xab'
[2022-05-05 15:47:53,517] WARNING: Found unused data in buffer, b'\xfc\x05K\xf8\xab'
[2022-05-05 15:47:53,753] WARNING: Found unused data in buffer, b'\xfc\x05K\xf8\xab'
[2022-05-05 15:47:53,976] WARNING: Found unused data in buffer, b'\xfc\x05K\xf8\xab'
[2022-05-05 15:47:54,199] WARNING: Found unused data in buffer, b'\xfc\x05K\xf8\xab'
[2022-05-05 15:47:54,419] WARNING: Found unused data in buffer, b'\xfc\x05K\xf8\xab'
[2022-05-05 15:47:54,640] WARNING: Found unused data in buffer, b'\xfc\x05K\xf8\xab'
[2022-05-05 15:47:54,862] WARNING: Found unused data in buffer, b'\xfc\x05K\xf8\xab'
[2022-05-05 15:47:55,083] WARNING: Found unused data in buffer, b'\xfc\x05K\xf8\xab'
[2022-05-05 15:47:55,304] WARNING: Found unused data in buffer, b'\xfc\x05K\xf8\xab'
[2022-05-05 15:47:55,524] WARNING: Found unused data in buffer, b'\xfc\x05K\xf8\xab'
[2022-05-05 15:47:55,744] WARNING: Found unused data in buffer, b'\xfc\x05K\xf8\xab'
[2022-05-05 15:47:55,966] WARNING: Found unused data in buffer, b'\xfc\x05K\xf8\xab'
[2022-05-05 15:47:56,191] WARNING: Found unused data in buffer, b'\xfc\x05K\xf8\xab'
[2022-05-05 15:47:56,410] WARNING: Found unused data in buffer, b'\xfc\x05K\xf8\xab'
[2022-05-05 15:47:56,630] WARNING: Found unused data in buffer, b'\xfc\x05K\xf8\xab'
[2022-05-05 15:47:56,851] WARNING: Found unused data in buffer, b'\xfc\x05K\xf8\xab'
[2022-05-05 15:47:57,072] WARNING: Found unused data in buffer, b'\xfc\x05K\xf8\xab'
[2022-05-05 15:47:57,293] WARNING: Found unused data in buffer, b'\xfc\x05K\xf8\xab'
[2022-05-05 15:47:57,513] WARNING: Found unused data in buffer, b'\xfc\x05K\xf8\xab'
[2022-05-05 15:47:57,733] WARNING: Found unused data in buffer, b'\xfc\x05K\xf8\xab'
[2022-05-05 15:47:57,955] WARNING: Found unused data in buffer, b'\xfc\x05K\xf8\xab'
[2022-05-05 15:47:58,175] WARNING: Found unused data in buffer, b'\xfc\x05K\xf8\xab'
[2022-05-05 15:47:58,395] WARNING: Found unused data in buffer, b'\xfc\x05K\xf8\xab'
[2022-05-05 15:47:58,615] WARNING: Found unused data in buffer, b'\xfc\x05K\xf8\xab'
[2022-05-05 15:47:58,835] WARNING: Found unused data in buffer, b'\xfc\x05K\xf8\xab'
[2022-05-05 15:47:59,056] WARNING: Found unused data in buffer, b'\xfc\x05K\xf8\xab'
[2022-05-05 15:47:59,276] WARNING: Found unused data in buffer, b'\xfc\x05K\xf8\xab'
[2022-05-05 15:47:59,497] WARNING: Found unused data in buffer, b'\xfc\x05K\xf8\xab'
[2022-05-05 15:47:59,717] WARNING: Found unused data in buffer, b'\xfc\x05K\xf8\xab'
[2022-05-05 15:47:59,938] WARNING: Found unused data in buffer, b'\xfc\x05K\xf8\xab'
[2022-05-05 15:48:00,162] WARNING: Found unused data in buffer, b'\xfc\x05K\xf8\xab'
[2022-05-05 15:48:00,383] WARNING: Found unused data in buffer, b'\xfc\x05K\xf8\xab'
[2022-05-05 15:48:00,602] WARNING: Found unused data in buffer, b'\xfc\x05K\xf8\xab'
[2022-05-05 15:48:00,823] WARNING: Found unused data in buffer, b'\xfc\x05K\xf8\xab'
[2022-05-05 15:48:01,042] WARNING: Found unused data in buffer, b'\xfc\x05K\xf8\xab'
[2022-05-05 15:48:01,263] WARNING: Found unused data in buffer, b'\xfc\x05K\xf8\xab'
[2022-05-05 15:48:01,483] WARNING: Found unused data in buffer, b'\xfc\x05K\xf8\xab'
[2022-05-05 15:48:01,704] WARNING: Found unused data in buffer, b'\xfc\x05K\xf8\xab'
[2022-05-05 15:48:01,925] WARNING: Found unused data in buffer, b'\xfc\x05K\xf8\xab'
[2022-05-05 15:48:02,145] WARNING: Found unused data in buffer, b'\xfc\x05K\xf8\xab'
[2022-05-05 15:48:02,365] WARNING: Found unused data in buffer, b'\xfc\x05K\xf8\xab'
[2022-05-05 15:48:02,585] WARNING: Found unused data in buffer, b'\xfc\x05K\xf8\xab'
[2022-05-05 15:48:02,806] WARNING: Found unused data in buffer, b'\xfc\x05K\xf8\xab'
[2022-05-05 15:48:03,028] WARNING: Found unused data in buffer, b'\xfc\x05K\xf8\xab'
[2022-05-05 15:48:03,249] WARNING: Found unused data in buffer, b'\xfc\x05K\xf8\xab'
[2022-05-05 15:48:03,472] WARNING: Found unused data in buffer, b'\xfc\x05K\xf8\xab'
[2022-05-05 15:48:03,693] WARNING: Found unused data in buffer, b'\xfc\x05K\xf8\xab'
[2022-05-05 15:48:03,918] WARNING: Found unused data in buffer, b'\xfc\x05K\xf8\xab'
[2022-05-05 15:48:04,141] WARNING: Found unused data in buffer, b'\xfc\x05K\xf8\xab'
[2022-05-05 15:48:04,361] WARNING: Found unused data in buffer, b'\xfc\x05K\xf8\xab'
[2022-05-05 15:48:04,581] WARNING: Found unused data in buffer, b'\xfc\x05K\xf8\xab'
[2022-05-05 15:48:04,808] WARNING: Found unused data in buffer, b'\xfc\x05K\xf8\xab'
[2022-05-05 15:48:05,029] WARNING: Found unused data in buffer, b'\xfc\x05K\xf8\xab'
[2022-05-05 15:48:05,250] WARNING: Found unused data in buffer, b'\xfc\x05K\xf8\xab'
[2022-05-05 15:48:05,470] WARNING: Found unused data in buffer, b'\xfc\x05K\xf8\xab'
[2022-05-05 15:48:05,690] WARNING: Found unused data in buffer, b'\xfc\x05K\xf8\xab'
[2022-05-05 15:48:05,912] WARNING: Found unused data in buffer, b'\xfc\x05K\xf8\xab'
[2022-05-05 15:48:06,132] WARNING: Found unused data in buffer, b'\xfc\x05K\xf8\xab'
[2022-05-05 15:48:06,352] WARNING: Found unused data in buffer, b'\xfc\x05K\xf8\xab'
[2022-05-05 15:48:06,573] WARNING: Found unused data in buffer, b'\xfc\x05K\xf8\xab'
[2022-05-05 15:48:06,794] WARNING: Found unused data in buffer, b'\xfc\x05K\xf8\xab'
[2022-05-05 15:48:07,013] WARNING: Found unused data in buffer, b'\xfc\x05K\xf8\xab'
[2022-05-05 15:48:07,233] WARNING: Found unused data in buffer, b'\xfc\x05K\xf8\xab'
[2022-05-05 15:48:07,454] WARNING: Found unused data in buffer, b'\xfc\x05K\xf8\xab'
[2022-05-05 15:48:07,675] WARNING: Found unused data in buffer, b'\xfc\x05K\xf8\xab'
[2022-05-05 15:48:07,897] WARNING: Found unused data in buffer, b'\xfc\x05K\xf8\xab'
[2022-05-05 15:48:08,117] WARNING: Found unused data in buffer, b'\xfc\x05K\xf8\xab'
[2022-05-05 15:48:08,338] WARNING: Found unused data in buffer, b'\xfc\x05K\xf8\xab'
[2022-05-05 15:48:08,559] WARNING: Found unused data in buffer, b'\xfc\x05K\xf8\xab'
[2022-05-05 15:48:08,780] WARNING: Found unused data in buffer, b'\xfc\x05K\xf8\xab'
[2022-05-05 15:48:09,000] WARNING: Found unused data in buffer, b'\xfc\x05K\xf8\xab'
[2022-05-05 15:48:09,221] WARNING: Found unused data in buffer, b'\xfc\x05K\xf8\xab'
[2022-05-05 15:48:09,443] WARNING: Found unused data in buffer, b'\xfc\x05K\xf8\xab'
[2022-05-05 15:48:09,665] WARNING: Found unused data in buffer, b'\xfc\x05K\xf8\xab'
[2022-05-05 15:48:09,887] WARNING: Found unused data in buffer, b'\xfc\x05K\xf8\xab'
[2022-05-05 15:48:10,106] WARNING: Found unused data in buffer, b'\xfc\x05K\xf8\xab'
[2022-05-05 15:48:10,326] WARNING: Found unused data in buffer, b'\xfc\x05K\xf8\xab'
[2022-05-05 15:48:10,548] WARNING: Found unused data in buffer, b'\xfc\x05K\xf8\xab'
[2022-05-05 15:48:10,784] WARNING: Found unused data in buffer, b'\xfc\x05K\xf8\xab'
[2022-05-05 15:48:11,011] WARNING: Found unused data in buffer, b'\xfc\x05K\xf8\xab'
[2022-05-05 15:48:11,231] WARNING: Found unused data in buffer, b'\xfc\x05K\xf8\xab'
[2022-05-05 15:48:11,452] WARNING: Found unused data in buffer, b'\xfc\x05K\xf8\xab'
[2022-05-05 15:48:11,674] WARNING: Found unused data in buffer, b'\xfc\x05K\xf8\xab'
[2022-05-05 15:48:11,895] WARNING: Found unused data in buffer, b'\xfc\x05K\xf8\xab'
[2022-05-05 15:48:12,117] WARNING: Found unused data in buffer, b'\xfc\x05K\xf8\xab'
